{"D:\\IIT\\stringzy\\src\\index.ts": {"path":"D:\\IIT\\stringzy\\src\\index.ts","statementMap":{"0":{"start":{"line":1,"column":0},"end":{"line":1,"column":28}},"1":{"start":{"line":2,"column":0},"end":{"line":2,"column":29}},"2":{"start":{"line":3,"column":0},"end":{"line":3,"column":34}},"3":{"start":{"line":4,"column":0},"end":{"line":4,"column":30}},"4":{"start":{"line":6,"column":0},"end":{"line":6,"column":40}},"5":{"start":{"line":7,"column":0},"end":{"line":7,"column":42}},"6":{"start":{"line":8,"column":0},"end":{"line":8,"column":52}},"7":{"start":{"line":9,"column":0},"end":{"line":9,"column":44}},"8":{"start":{"line":11,"column":0},"end":{"line":16,"column":2}}},"fnMap":{},"branchMap":{},"s":{"0":0,"1":0,"2":0,"3":0,"4":0,"5":0,"6":0,"7":0,"8":0},"f":{},"b":{}}
,"D:\\IIT\\stringzy\\src\\analyzing\\characterCount.ts": {"path":"D:\\IIT\\stringzy\\src\\analyzing\\characterCount.ts","statementMap":{"0":{"start":{"line":20,"column":0},"end":{"line":20,"column":16}},"1":{"start":{"line":21,"column":2},"end":{"line":23,"column":3}},"2":{"start":{"line":22,"column":4},"end":{"line":22,"column":50}},"3":{"start":{"line":25,"column":2},"end":{"line":25,"column":20}}},"fnMap":{"0":{"name":"characterCount","decl":{"start":{"line":20,"column":16},"end":{"line":20,"column":30}},"loc":{"start":{"line":20,"column":42},"end":{"line":26,"column":1}}}},"branchMap":{"0":{"loc":{"start":{"line":21,"column":2},"end":{"line":23,"column":3}},"type":"if","locations":[{"start":{"line":21,"column":2},"end":{"line":23,"column":3}},{"start":{},"end":{}}]}},"s":{"0":0,"1":0,"2":0,"3":0},"f":{"0":0},"b":{"0":[0,0]}}
,"D:\\IIT\\stringzy\\src\\analyzing\\characterFrequency.ts": {"path":"D:\\IIT\\stringzy\\src\\analyzing\\characterFrequency.ts","statementMap":{"0":{"start":{"line":20,"column":0},"end":{"line":20,"column":16}},"1":{"start":{"line":21,"column":2},"end":{"line":23,"column":3}},"2":{"start":{"line":22,"column":4},"end":{"line":22,"column":50}},"3":{"start":{"line":25,"column":44},"end":{"line":25,"column":46}},"4":{"start":{"line":26,"column":2},"end":{"line":31,"column":3}},"5":{"start":{"line":27,"column":4},"end":{"line":30,"column":5}},"6":{"start":{"line":29,"column":6},"end":{"line":29,"column":51}},"7":{"start":{"line":33,"column":2},"end":{"line":33,"column":19}}},"fnMap":{"0":{"name":"characterFrequency","decl":{"start":{"line":20,"column":16},"end":{"line":20,"column":34}},"loc":{"start":{"line":20,"column":46},"end":{"line":34,"column":1}}}},"branchMap":{"0":{"loc":{"start":{"line":21,"column":2},"end":{"line":23,"column":3}},"type":"if","locations":[{"start":{"line":21,"column":2},"end":{"line":23,"column":3}},{"start":{},"end":{}}]},"1":{"loc":{"start":{"line":27,"column":4},"end":{"line":30,"column":5}},"type":"if","locations":[{"start":{"line":27,"column":4},"end":{"line":30,"column":5}},{"start":{},"end":{}}]},"2":{"loc":{"start":{"line":29,"column":25},"end":{"line":29,"column":45}},"type":"binary-expr","locations":[{"start":{"line":29,"column":25},"end":{"line":29,"column":40}},{"start":{"line":29,"column":44},"end":{"line":29,"column":45}}]}},"s":{"0":0,"1":0,"2":0,"3":0,"4":0,"5":0,"6":0,"7":0},"f":{"0":0},"b":{"0":[0,0],"1":[0,0],"2":[0,0]}}
,"D:\\IIT\\stringzy\\src\\analyzing\\complexity.ts": {"path":"D:\\IIT\\stringzy\\src\\analyzing\\complexity.ts","statementMap":{"0":{"start":{"line":40,"column":0},"end":{"line":40,"column":16}},"1":{"start":{"line":41,"column":2},"end":{"line":41,"column":58}},"2":{"start":{"line":41,"column":12},"end":{"line":41,"column":58}},"3":{"start":{"line":43,"column":2},"end":{"line":45,"column":3}},"4":{"start":{"line":44,"column":4},"end":{"line":44,"column":50}},"5":{"start":{"line":47,"column":17},"end":{"line":47,"column":27}},"6":{"start":{"line":48,"column":17},"end":{"line":48,"column":34}},"7":{"start":{"line":49,"column":21},"end":{"line":49,"column":36}},"8":{"start":{"line":51,"column":18},"end":{"line":51,"column":19}},"9":{"start":{"line":52,"column":2},"end":{"line":52,"column":43}},"10":{"start":{"line":52,"column":25},"end":{"line":52,"column":43}},"11":{"start":{"line":53,"column":2},"end":{"line":53,"column":43}},"12":{"start":{"line":53,"column":25},"end":{"line":53,"column":43}},"13":{"start":{"line":54,"column":2},"end":{"line":54,"column":43}},"14":{"start":{"line":54,"column":25},"end":{"line":54,"column":43}},"15":{"start":{"line":55,"column":2},"end":{"line":55,"column":50}},"16":{"start":{"line":55,"column":32},"end":{"line":55,"column":50}},"17":{"start":{"line":58,"column":22},"end":{"line":58,"column":46}},"18":{"start":{"line":59,"column":16},"end":{"line":59,"column":70}},"19":{"start":{"line":60,"column":2},"end":{"line":64,"column":4}}},"fnMap":{"0":{"name":"complexity","decl":{"start":{"line":40,"column":16},"end":{"line":40,"column":26}},"loc":{"start":{"line":40,"column":38},"end":{"line":65,"column":1}}}},"branchMap":{"0":{"loc":{"start":{"line":41,"column":2},"end":{"line":41,"column":58}},"type":"if","locations":[{"start":{"line":41,"column":2},"end":{"line":41,"column":58}},{"start":{},"end":{}}]},"1":{"loc":{"start":{"line":43,"column":2},"end":{"line":45,"column":3}},"type":"if","locations":[{"start":{"line":43,"column":2},"end":{"line":45,"column":3}},{"start":{},"end":{}}]},"2":{"loc":{"start":{"line":52,"column":2},"end":{"line":52,"column":43}},"type":"if","locations":[{"start":{"line":52,"column":2},"end":{"line":52,"column":43}},{"start":{},"end":{}}]},"3":{"loc":{"start":{"line":53,"column":2},"end":{"line":53,"column":43}},"type":"if","locations":[{"start":{"line":53,"column":2},"end":{"line":53,"column":43}},{"start":{},"end":{}}]},"4":{"loc":{"start":{"line":54,"column":2},"end":{"line":54,"column":43}},"type":"if","locations":[{"start":{"line":54,"column":2},"end":{"line":54,"column":43}},{"start":{},"end":{}}]},"5":{"loc":{"start":{"line":55,"column":2},"end":{"line":55,"column":50}},"type":"if","locations":[{"start":{"line":55,"column":2},"end":{"line":55,"column":50}},{"start":{},"end":{}}]}},"s":{"0":0,"1":0,"2":0,"3":0,"4":0,"5":0,"6":0,"7":0,"8":0,"9":0,"10":0,"11":0,"12":0,"13":0,"14":0,"15":0,"16":0,"17":0,"18":0,"19":0},"f":{"0":0},"b":{"0":[0,0],"1":[0,0],"2":[0,0],"3":[0,0],"4":[0,0],"5":[0,0]}}
,"D:\\IIT\\stringzy\\src\\analyzing\\index.ts": {"path":"D:\\IIT\\stringzy\\src\\analyzing\\index.ts","statementMap":{"0":{"start":{"line":1,"column":0},"end":{"line":1,"column":9}},"1":{"start":{"line":1,"column":9},"end":{"line":1,"column":50}},"2":{"start":{"line":2,"column":0},"end":{"line":2,"column":9}},"3":{"start":{"line":2,"column":9},"end":{"line":2,"column":58}},"4":{"start":{"line":3,"column":0},"end":{"line":3,"column":9}},"5":{"start":{"line":3,"column":9},"end":{"line":3,"column":42}},"6":{"start":{"line":4,"column":0},"end":{"line":4,"column":9}},"7":{"start":{"line":4,"column":9},"end":{"line":4,"column":52}},"8":{"start":{"line":5,"column":0},"end":{"line":5,"column":9}},"9":{"start":{"line":5,"column":9},"end":{"line":5,"column":40}},"10":{"start":{"line":6,"column":0},"end":{"line":6,"column":9}},"11":{"start":{"line":6,"column":9},"end":{"line":6,"column":54}},"12":{"start":{"line":7,"column":0},"end":{"line":7,"column":9}},"13":{"start":{"line":7,"column":9},"end":{"line":7,"column":46}},"14":{"start":{"line":9,"column":0},"end":{"line":9,"column":50}},"15":{"start":{"line":10,"column":0},"end":{"line":10,"column":58}},"16":{"start":{"line":11,"column":0},"end":{"line":11,"column":42}},"17":{"start":{"line":12,"column":0},"end":{"line":12,"column":52}},"18":{"start":{"line":13,"column":0},"end":{"line":13,"column":40}},"19":{"start":{"line":14,"column":0},"end":{"line":14,"column":54}},"20":{"start":{"line":15,"column":0},"end":{"line":15,"column":46}},"21":{"start":{"line":17,"column":13},"end":{"line":25,"column":2}}},"fnMap":{"0":{"name":"(anonymous_0)","decl":{"start":{"line":1,"column":9},"end":{"line":1,"column":23}},"loc":{"start":{"line":1,"column":9},"end":{"line":1,"column":50}}},"1":{"name":"(anonymous_1)","decl":{"start":{"line":2,"column":9},"end":{"line":2,"column":27}},"loc":{"start":{"line":2,"column":9},"end":{"line":2,"column":58}}},"2":{"name":"(anonymous_2)","decl":{"start":{"line":3,"column":9},"end":{"line":3,"column":19}},"loc":{"start":{"line":3,"column":9},"end":{"line":3,"column":42}}},"3":{"name":"(anonymous_3)","decl":{"start":{"line":4,"column":9},"end":{"line":4,"column":24}},"loc":{"start":{"line":4,"column":9},"end":{"line":4,"column":52}}},"4":{"name":"(anonymous_4)","decl":{"start":{"line":5,"column":9},"end":{"line":5,"column":18}},"loc":{"start":{"line":5,"column":9},"end":{"line":5,"column":40}}},"5":{"name":"(anonymous_5)","decl":{"start":{"line":6,"column":9},"end":{"line":6,"column":25}},"loc":{"start":{"line":6,"column":9},"end":{"line":6,"column":54}}},"6":{"name":"(anonymous_6)","decl":{"start":{"line":7,"column":9},"end":{"line":7,"column":21}},"loc":{"start":{"line":7,"column":9},"end":{"line":7,"column":46}}}},"branchMap":{},"s":{"0":0,"1":0,"2":0,"3":0,"4":0,"5":0,"6":0,"7":0,"8":0,"9":0,"10":0,"11":0,"12":0,"13":0,"14":0,"15":0,"16":0,"17":0,"18":0,"19":0,"20":0,"21":0},"f":{"0":0,"1":0,"2":0,"3":0,"4":0,"5":0,"6":0},"b":{}}
,"D:\\IIT\\stringzy\\src\\analyzing\\patternCount.ts": {"path":"D:\\IIT\\stringzy\\src\\analyzing\\patternCount.ts","statementMap":{"0":{"start":{"line":10,"column":0},"end":{"line":10,"column":16}},"1":{"start":{"line":11,"column":2},"end":{"line":13,"column":3}},"2":{"start":{"line":12,"column":4},"end":{"line":12,"column":13}},"3":{"start":{"line":15,"column":25},"end":{"line":15,"column":55}},"4":{"start":{"line":17,"column":14},"end":{"line":17,"column":15}},"5":{"start":{"line":18,"column":10},"end":{"line":18,"column":11}},"6":{"start":{"line":20,"column":2},"end":{"line":31,"column":3}},"7":{"start":{"line":20,"column":15},"end":{"line":20,"column":16}},"8":{"start":{"line":21,"column":4},"end":{"line":23,"column":5}},"9":{"start":{"line":22,"column":6},"end":{"line":22,"column":32}},"10":{"start":{"line":24,"column":4},"end":{"line":26,"column":5}},"11":{"start":{"line":25,"column":6},"end":{"line":25,"column":10}},"12":{"start":{"line":27,"column":4},"end":{"line":30,"column":5}},"13":{"start":{"line":28,"column":6},"end":{"line":28,"column":14}},"14":{"start":{"line":29,"column":6},"end":{"line":29,"column":32}},"15":{"start":{"line":33,"column":2},"end":{"line":33,"column":15}},"16":{"start":{"line":42,"column":25},"end":{"line":42,"column":58}},"17":{"start":{"line":43,"column":10},"end":{"line":43,"column":11}},"18":{"start":{"line":44,"column":2},"end":{"line":52,"column":3}},"19":{"start":{"line":44,"column":15},"end":{"line":44,"column":16}},"20":{"start":{"line":45,"column":4},"end":{"line":47,"column":5}},"21":{"start":{"line":46,"column":6},"end":{"line":46,"column":32}},"22":{"start":{"line":48,"column":4},"end":{"line":50,"column":5}},"23":{"start":{"line":49,"column":6},"end":{"line":49,"column":10}},"24":{"start":{"line":51,"column":4},"end":{"line":51,"column":26}},"25":{"start":{"line":53,"column":2},"end":{"line":53,"column":24}}},"fnMap":{"0":{"name":"patternCount","decl":{"start":{"line":10,"column":16},"end":{"line":10,"column":28}},"loc":{"start":{"line":10,"column":58},"end":{"line":34,"column":1}}},"1":{"name":"computePrefixFunction","decl":{"start":{"line":41,"column":9},"end":{"line":41,"column":30}},"loc":{"start":{"line":41,"column":46},"end":{"line":54,"column":1}}}},"branchMap":{"0":{"loc":{"start":{"line":11,"column":2},"end":{"line":13,"column":3}},"type":"if","locations":[{"start":{"line":11,"column":2},"end":{"line":13,"column":3}},{"start":{},"end":{}}]},"1":{"loc":{"start":{"line":21,"column":11},"end":{"line":21,"column":42}},"type":"binary-expr","locations":[{"start":{"line":21,"column":11},"end":{"line":21,"column":16}},{"start":{"line":21,"column":20},"end":{"line":21,"column":42}}]},"2":{"loc":{"start":{"line":24,"column":4},"end":{"line":26,"column":5}},"type":"if","locations":[{"start":{"line":24,"column":4},"end":{"line":26,"column":5}},{"start":{},"end":{}}]},"3":{"loc":{"start":{"line":27,"column":4},"end":{"line":30,"column":5}},"type":"if","locations":[{"start":{"line":27,"column":4},"end":{"line":30,"column":5}},{"start":{},"end":{}}]},"4":{"loc":{"start":{"line":45,"column":11},"end":{"line":45,"column":45}},"type":"binary-expr","locations":[{"start":{"line":45,"column":11},"end":{"line":45,"column":16}},{"start":{"line":45,"column":20},"end":{"line":45,"column":45}}]},"5":{"loc":{"start":{"line":48,"column":4},"end":{"line":50,"column":5}},"type":"if","locations":[{"start":{"line":48,"column":4},"end":{"line":50,"column":5}},{"start":{},"end":{}}]}},"s":{"0":0,"1":0,"2":0,"3":0,"4":0,"5":0,"6":0,"7":0,"8":0,"9":0,"10":0,"11":0,"12":0,"13":0,"14":0,"15":0,"16":0,"17":0,"18":0,"19":0,"20":0,"21":0,"22":0,"23":0,"24":0,"25":0},"f":{"0":0,"1":0},"b":{"0":[0,0],"1":[0,0],"2":[0,0],"3":[0,0],"4":[0,0],"5":[0,0]}}
,"D:\\IIT\\stringzy\\src\\analyzing\\readingDuration.ts": {"path":"D:\\IIT\\stringzy\\src\\analyzing\\readingDuration.ts","statementMap":{"0":{"start":{"line":12,"column":0},"end":{"line":12,"column":16}},"1":{"start":{"line":1,"column":0},"end":{"line":1,"column":40}},"2":{"start":{"line":13,"column":24},"end":{"line":13,"column":39}},"3":{"start":{"line":14,"column":2},"end":{"line":14,"column":50}}},"fnMap":{"0":{"name":"readingDuration","decl":{"start":{"line":12,"column":16},"end":{"line":12,"column":31}},"loc":{"start":{"line":12,"column":72},"end":{"line":15,"column":1}}}},"branchMap":{"0":{"loc":{"start":{"line":12,"column":46},"end":{"line":12,"column":72}},"type":"default-arg","locations":[{"start":{"line":12,"column":69},"end":{"line":12,"column":72}}]}},"s":{"0":0,"1":0,"2":0,"3":0},"f":{"0":0},"b":{"0":[0]}}
,"D:\\IIT\\stringzy\\src\\analyzing\\stringSimilarity.ts": {"path":"D:\\IIT\\stringzy\\src\\analyzing\\stringSimilarity.ts","statementMap":{"0":{"start":{"line":8,"column":0},"end":{"line":8,"column":16}},"1":{"start":{"line":13,"column":2},"end":{"line":13,"column":42}},"2":{"start":{"line":15,"column":2},"end":{"line":17,"column":3}},"3":{"start":{"line":16,"column":4},"end":{"line":16,"column":17}},"4":{"start":{"line":19,"column":2},"end":{"line":21,"column":3}},"5":{"start":{"line":20,"column":4},"end":{"line":20,"column":15}},"6":{"start":{"line":24,"column":2},"end":{"line":28,"column":3}},"7":{"start":{"line":25,"column":4},"end":{"line":25,"column":58}},"8":{"start":{"line":27,"column":4},"end":{"line":27,"column":65}},"9":{"start":{"line":30,"column":2},"end":{"line":30,"column":58}},"10":{"start":{"line":41,"column":34},"end":{"line":41,"column":85}},"11":{"start":{"line":42,"column":2},"end":{"line":42,"column":56}},"12":{"start":{"line":52,"column":23},"end":{"line":52,"column":35}},"13":{"start":{"line":53,"column":23},"end":{"line":53,"column":35}},"14":{"start":{"line":55,"column":2},"end":{"line":57,"column":3}},"15":{"start":{"line":56,"column":4},"end":{"line":56,"column":16}},"16":{"start":{"line":59,"column":2},"end":{"line":61,"column":3}},"17":{"start":{"line":60,"column":4},"end":{"line":60,"column":16}},"18":{"start":{"line":63,"column":38},"end":{"line":63,"column":71}},"19":{"start":{"line":65,"column":2},"end":{"line":69,"column":3}},"20":{"start":{"line":65,"column":15},"end":{"line":65,"column":16}},"21":{"start":{"line":66,"column":4},"end":{"line":68,"column":5}},"22":{"start":{"line":66,"column":17},"end":{"line":66,"column":18}},"23":{"start":{"line":67,"column":6},"end":{"line":67,"column":92}},"24":{"start":{"line":71,"column":2},"end":{"line":71,"column":37}},"25":{"start":{"line":81,"column":23},"end":{"line":81,"column":35}},"26":{"start":{"line":82,"column":23},"end":{"line":82,"column":35}},"27":{"start":{"line":84,"column":2},"end":{"line":86,"column":3}},"28":{"start":{"line":85,"column":4},"end":{"line":85,"column":16}},"29":{"start":{"line":88,"column":2},"end":{"line":90,"column":3}},"30":{"start":{"line":89,"column":4},"end":{"line":89,"column":16}},"31":{"start":{"line":92,"column":38},"end":{"line":92,"column":71}},"32":{"start":{"line":94,"column":2},"end":{"line":102,"column":3}},"33":{"start":{"line":94,"column":15},"end":{"line":94,"column":16}},"34":{"start":{"line":95,"column":4},"end":{"line":101,"column":5}},"35":{"start":{"line":95,"column":17},"end":{"line":95,"column":18}},"36":{"start":{"line":96,"column":6},"end":{"line":96,"column":92}},"37":{"start":{"line":98,"column":6},"end":{"line":100,"column":7}},"38":{"start":{"line":99,"column":8},"end":{"line":99,"column":99}},"39":{"start":{"line":104,"column":2},"end":{"line":104,"column":37}},"40":{"start":{"line":114,"column":38},"end":{"line":115,"column":null}},"41":{"start":{"line":115,"column":4},"end":{"line":115,"column":27}},"42":{"start":{"line":118,"column":2},"end":{"line":120,"column":3}},"43":{"start":{"line":118,"column":15},"end":{"line":118,"column":16}},"44":{"start":{"line":119,"column":4},"end":{"line":119,"column":30}},"45":{"start":{"line":122,"column":2},"end":{"line":124,"column":3}},"46":{"start":{"line":122,"column":15},"end":{"line":122,"column":16}},"47":{"start":{"line":123,"column":4},"end":{"line":123,"column":30}},"48":{"start":{"line":126,"column":2},"end":{"line":126,"column":25}},"49":{"start":{"line":145,"column":15},"end":{"line":145,"column":52}},"50":{"start":{"line":147,"column":2},"end":{"line":151,"column":4}},"51":{"start":{"line":164,"column":2},"end":{"line":164,"column":35}},"52":{"start":{"line":179,"column":2},"end":{"line":181,"column":3}},"53":{"start":{"line":180,"column":4},"end":{"line":180,"column":59}},"54":{"start":{"line":183,"column":2},"end":{"line":187,"column":3}},"55":{"start":{"line":184,"column":4},"end":{"line":186,"column":6}}},"fnMap":{"0":{"name":"stringSimilarity","decl":{"start":{"line":8,"column":16},"end":{"line":8,"column":32}},"loc":{"start":{"line":11,"column":66},"end":{"line":31,"column":1}}},"1":{"name":"calculateSimilarityScore","decl":{"start":{"line":40,"column":9},"end":{"line":40,"column":33}},"loc":{"start":{"line":40,"column":80},"end":{"line":43,"column":1}}},"2":{"name":"calculateLevenshteinDistance","decl":{"start":{"line":51,"column":9},"end":{"line":51,"column":37}},"loc":{"start":{"line":51,"column":66},"end":{"line":72,"column":1}}},"3":{"name":"calculateDamerauLevenshteinDistance","decl":{"start":{"line":80,"column":9},"end":{"line":80,"column":44}},"loc":{"start":{"line":80,"column":73},"end":{"line":105,"column":1}}},"4":{"name":"prepareDistanceMatrix","decl":{"start":{"line":113,"column":9},"end":{"line":113,"column":30}},"loc":{"start":{"line":113,"column":57},"end":{"line":127,"column":1}}},"5":{"name":"(anonymous_5)","decl":{"start":{"line":114,"column":71},"end":{"line":114,"column":74}},"loc":{"start":{"line":115,"column":4},"end":{"line":115,"column":27}}},"6":{"name":"applyBasicEditOperations","decl":{"start":{"line":138,"column":9},"end":{"line":138,"column":33}},"loc":{"start":{"line":143,"column":20},"end":{"line":152,"column":1}}},"7":{"name":"isString","decl":{"start":{"line":163,"column":9},"end":{"line":163,"column":17}},"loc":{"start":{"line":163,"column":28},"end":{"line":165,"column":1}}},"8":{"name":"validateParams","decl":{"start":{"line":174,"column":9},"end":{"line":174,"column":23}},"loc":{"start":{"line":177,"column":50},"end":{"line":188,"column":1}}}},"branchMap":{"0":{"loc":{"start":{"line":11,"column":2},"end":{"line":11,"column":66}},"type":"default-arg","locations":[{"start":{"line":11,"column":53},"end":{"line":11,"column":66}}]},"1":{"loc":{"start":{"line":15,"column":2},"end":{"line":17,"column":3}},"type":"if","locations":[{"start":{"line":15,"column":2},"end":{"line":17,"column":3}},{"start":{},"end":{}}]},"2":{"loc":{"start":{"line":19,"column":2},"end":{"line":21,"column":3}},"type":"if","locations":[{"start":{"line":19,"column":2},"end":{"line":21,"column":3}},{"start":{},"end":{}}]},"3":{"loc":{"start":{"line":19,"column":6},"end":{"line":19,"column":45}},"type":"binary-expr","locations":[{"start":{"line":19,"column":6},"end":{"line":19,"column":24}},{"start":{"line":19,"column":28},"end":{"line":19,"column":45}}]},"4":{"loc":{"start":{"line":24,"column":2},"end":{"line":28,"column":3}},"type":"if","locations":[{"start":{"line":24,"column":2},"end":{"line":28,"column":3}},{"start":{"line":26,"column":9},"end":{"line":28,"column":3}}]},"5":{"loc":{"start":{"line":55,"column":2},"end":{"line":57,"column":3}},"type":"if","locations":[{"start":{"line":55,"column":2},"end":{"line":57,"column":3}},{"start":{},"end":{}}]},"6":{"loc":{"start":{"line":59,"column":2},"end":{"line":61,"column":3}},"type":"if","locations":[{"start":{"line":59,"column":2},"end":{"line":61,"column":3}},{"start":{},"end":{}}]},"7":{"loc":{"start":{"line":84,"column":2},"end":{"line":86,"column":3}},"type":"if","locations":[{"start":{"line":84,"column":2},"end":{"line":86,"column":3}},{"start":{},"end":{}}]},"8":{"loc":{"start":{"line":88,"column":2},"end":{"line":90,"column":3}},"type":"if","locations":[{"start":{"line":88,"column":2},"end":{"line":90,"column":3}},{"start":{},"end":{}}]},"9":{"loc":{"start":{"line":98,"column":6},"end":{"line":100,"column":7}},"type":"if","locations":[{"start":{"line":98,"column":6},"end":{"line":100,"column":7}},{"start":{},"end":{}}]},"10":{"loc":{"start":{"line":98,"column":10},"end":{"line":98,"column":90}},"type":"binary-expr","locations":[{"start":{"line":98,"column":10},"end":{"line":98,"column":15}},{"start":{"line":98,"column":19},"end":{"line":98,"column":24}},{"start":{"line":98,"column":28},"end":{"line":98,"column":57}},{"start":{"line":98,"column":61},"end":{"line":98,"column":90}}]},"11":{"loc":{"start":{"line":145,"column":15},"end":{"line":145,"column":52}},"type":"cond-expr","locations":[{"start":{"line":145,"column":47},"end":{"line":145,"column":48}},{"start":{"line":145,"column":51},"end":{"line":145,"column":52}}]},"12":{"loc":{"start":{"line":179,"column":2},"end":{"line":181,"column":3}},"type":"if","locations":[{"start":{"line":179,"column":2},"end":{"line":181,"column":3}},{"start":{},"end":{}}]},"13":{"loc":{"start":{"line":179,"column":6},"end":{"line":179,"column":42}},"type":"binary-expr","locations":[{"start":{"line":179,"column":6},"end":{"line":179,"column":22}},{"start":{"line":179,"column":26},"end":{"line":179,"column":42}}]},"14":{"loc":{"start":{"line":183,"column":2},"end":{"line":187,"column":3}},"type":"if","locations":[{"start":{"line":183,"column":2},"end":{"line":187,"column":3}},{"start":{},"end":{}}]},"15":{"loc":{"start":{"line":183,"column":6},"end":{"line":183,"column":72}},"type":"binary-expr","locations":[{"start":{"line":183,"column":6},"end":{"line":183,"column":33}},{"start":{"line":183,"column":37},"end":{"line":183,"column":72}}]}},"s":{"0":0,"1":0,"2":0,"3":0,"4":0,"5":0,"6":0,"7":0,"8":0,"9":0,"10":0,"11":0,"12":0,"13":0,"14":0,"15":0,"16":0,"17":0,"18":0,"19":0,"20":0,"21":0,"22":0,"23":0,"24":0,"25":0,"26":0,"27":0,"28":0,"29":0,"30":0,"31":0,"32":0,"33":0,"34":0,"35":0,"36":0,"37":0,"38":0,"39":0,"40":0,"41":0,"42":0,"43":0,"44":0,"45":0,"46":0,"47":0,"48":0,"49":0,"50":0,"51":0,"52":0,"53":0,"54":0,"55":0},"f":{"0":0,"1":0,"2":0,"3":0,"4":0,"5":0,"6":0,"7":0,"8":0},"b":{"0":[0],"1":[0,0],"2":[0,0],"3":[0,0],"4":[0,0],"5":[0,0],"6":[0,0],"7":[0,0],"8":[0,0],"9":[0,0],"10":[0,0,0,0],"11":[0,0],"12":[0,0],"13":[0,0],"14":[0,0],"15":[0,0]}}
,"D:\\IIT\\stringzy\\src\\analyzing\\wordCount.ts": {"path":"D:\\IIT\\stringzy\\src\\analyzing\\wordCount.ts","statementMap":{"0":{"start":{"line":23,"column":0},"end":{"line":23,"column":16}},"1":{"start":{"line":24,"column":2},"end":{"line":26,"column":3}},"2":{"start":{"line":25,"column":4},"end":{"line":25,"column":50}},"3":{"start":{"line":28,"column":2},"end":{"line":28,"column":28}},"4":{"start":{"line":28,"column":19},"end":{"line":28,"column":28}},"5":{"start":{"line":29,"column":2},"end":{"line":29,"column":40}}},"fnMap":{"0":{"name":"wordCount","decl":{"start":{"line":23,"column":16},"end":{"line":23,"column":25}},"loc":{"start":{"line":23,"column":37},"end":{"line":30,"column":1}}}},"branchMap":{"0":{"loc":{"start":{"line":24,"column":2},"end":{"line":26,"column":3}},"type":"if","locations":[{"start":{"line":24,"column":2},"end":{"line":26,"column":3}},{"start":{},"end":{}}]},"1":{"loc":{"start":{"line":28,"column":2},"end":{"line":28,"column":28}},"type":"if","locations":[{"start":{"line":28,"column":2},"end":{"line":28,"column":28}},{"start":{},"end":{}}]}},"s":{"0":0,"1":0,"2":0,"3":0,"4":0,"5":0},"f":{"0":0},"b":{"0":[0,0],"1":[0,0]}}
,"D:\\IIT\\stringzy\\src\\formatting\\capitalize.ts": {"path":"D:\\IIT\\stringzy\\src\\formatting\\capitalize.ts","statementMap":{"0":{"start":{"line":22,"column":0},"end":{"line":22,"column":16}},"1":{"start":{"line":23,"column":2},"end":{"line":25,"column":3}},"2":{"start":{"line":24,"column":4},"end":{"line":24,"column":50}},"3":{"start":{"line":27,"column":2},"end":{"line":30,"column":15}},"4":{"start":{"line":29,"column":19},"end":{"line":29,"column":77}}},"fnMap":{"0":{"name":"capitalize","decl":{"start":{"line":22,"column":16},"end":{"line":22,"column":26}},"loc":{"start":{"line":22,"column":38},"end":{"line":31,"column":1}}},"1":{"name":"(anonymous_1)","decl":{"start":{"line":29,"column":9},"end":{"line":29,"column":10}},"loc":{"start":{"line":29,"column":19},"end":{"line":29,"column":77}}}},"branchMap":{"0":{"loc":{"start":{"line":23,"column":2},"end":{"line":25,"column":3}},"type":"if","locations":[{"start":{"line":23,"column":2},"end":{"line":25,"column":3}},{"start":{},"end":{}}]}},"s":{"0":0,"1":0,"2":0,"3":0,"4":0},"f":{"0":0,"1":0},"b":{"0":[0,0]}}
,"D:\\IIT\\stringzy\\src\\formatting\\index.ts": {"path":"D:\\IIT\\stringzy\\src\\formatting\\index.ts","statementMap":{"0":{"start":{"line":1,"column":0},"end":{"line":1,"column":9}},"1":{"start":{"line":1,"column":9},"end":{"line":1,"column":42}},"2":{"start":{"line":2,"column":0},"end":{"line":2,"column":9}},"3":{"start":{"line":2,"column":9},"end":{"line":2,"column":40}},"4":{"start":{"line":3,"column":0},"end":{"line":3,"column":9}},"5":{"start":{"line":3,"column":9},"end":{"line":3,"column":38}},"6":{"start":{"line":5,"column":0},"end":{"line":5,"column":42}},"7":{"start":{"line":6,"column":0},"end":{"line":6,"column":40}},"8":{"start":{"line":7,"column":0},"end":{"line":7,"column":38}},"9":{"start":{"line":9,"column":13},"end":{"line":13,"column":2}}},"fnMap":{"0":{"name":"(anonymous_0)","decl":{"start":{"line":1,"column":9},"end":{"line":1,"column":19}},"loc":{"start":{"line":1,"column":9},"end":{"line":1,"column":42}}},"1":{"name":"(anonymous_1)","decl":{"start":{"line":2,"column":9},"end":{"line":2,"column":21}},"loc":{"start":{"line":2,"column":9},"end":{"line":2,"column":40}}},"2":{"name":"(anonymous_2)","decl":{"start":{"line":3,"column":9},"end":{"line":3,"column":20}},"loc":{"start":{"line":3,"column":9},"end":{"line":3,"column":38}}}},"branchMap":{},"s":{"0":0,"1":0,"2":0,"3":0,"4":0,"5":0,"6":0,"7":0,"8":0,"9":0},"f":{"0":0,"1":0,"2":0},"b":{}}
,"D:\\IIT\\stringzy\\src\\formatting\\number.ts": {"path":"D:\\IIT\\stringzy\\src\\formatting\\number.ts","statementMap":{"0":{"start":{"line":24,"column":0},"end":{"line":24,"column":16}},"1":{"start":{"line":25,"column":17},"end":{"line":25,"column":31}},"2":{"start":{"line":26,"column":2},"end":{"line":26,"column":69}}},"fnMap":{"0":{"name":"formatNumber","decl":{"start":{"line":24,"column":16},"end":{"line":24,"column":28}},"loc":{"start":{"line":24,"column":86},"end":{"line":27,"column":1}}}},"branchMap":{"0":{"loc":{"start":{"line":24,"column":51},"end":{"line":24,"column":86}},"type":"default-arg","locations":[{"start":{"line":24,"column":83},"end":{"line":24,"column":86}}]}},"s":{"0":0,"1":0,"2":0},"f":{"0":0},"b":{"0":[0]}}
,"D:\\IIT\\stringzy\\src\\formatting\\phone.ts": {"path":"D:\\IIT\\stringzy\\src\\formatting\\phone.ts","statementMap":{"0":{"start":{"line":26,"column":0},"end":{"line":26,"column":16}},"1":{"start":{"line":27,"column":17},"end":{"line":27,"column":41}},"2":{"start":{"line":29,"column":2},"end":{"line":43,"column":3}},"3":{"start":{"line":30,"column":4},"end":{"line":30,"column":78}},"4":{"start":{"line":31,"column":9},"end":{"line":43,"column":3}},"5":{"start":{"line":32,"column":24},"end":{"line":32,"column":44}},"6":{"start":{"line":33,"column":21},"end":{"line":33,"column":42}},"7":{"start":{"line":34,"column":22},"end":{"line":34,"column":42}},"8":{"start":{"line":35,"column":21},"end":{"line":35,"column":37}},"9":{"start":{"line":36,"column":4},"end":{"line":36,"column":68}},"10":{"start":{"line":37,"column":9},"end":{"line":43,"column":3}},"11":{"start":{"line":38,"column":4},"end":{"line":42,"column":5}},"12":{"start":{"line":39,"column":6},"end":{"line":39,"column":60}},"13":{"start":{"line":40,"column":11},"end":{"line":42,"column":5}},"14":{"start":{"line":41,"column":6},"end":{"line":41,"column":60}},"15":{"start":{"line":45,"column":2},"end":{"line":45,"column":15}}},"fnMap":{"0":{"name":"formatPhone","decl":{"start":{"line":26,"column":16},"end":{"line":26,"column":27}},"loc":{"start":{"line":26,"column":69},"end":{"line":46,"column":1}}}},"branchMap":{"0":{"loc":{"start":{"line":26,"column":43},"end":{"line":26,"column":69}},"type":"default-arg","locations":[{"start":{"line":26,"column":65},"end":{"line":26,"column":69}}]},"1":{"loc":{"start":{"line":29,"column":2},"end":{"line":43,"column":3}},"type":"if","locations":[{"start":{"line":29,"column":2},"end":{"line":43,"column":3}},{"start":{"line":31,"column":9},"end":{"line":43,"column":3}}]},"2":{"loc":{"start":{"line":29,"column":6},"end":{"line":29,"column":45}},"type":"binary-expr","locations":[{"start":{"line":29,"column":6},"end":{"line":29,"column":21}},{"start":{"line":29,"column":25},"end":{"line":29,"column":45}}]},"3":{"loc":{"start":{"line":31,"column":9},"end":{"line":43,"column":3}},"type":"if","locations":[{"start":{"line":31,"column":9},"end":{"line":43,"column":3}},{"start":{"line":37,"column":9},"end":{"line":43,"column":3}}]},"4":{"loc":{"start":{"line":31,"column":13},"end":{"line":31,"column":62}},"type":"binary-expr","locations":[{"start":{"line":31,"column":13},"end":{"line":31,"column":39}},{"start":{"line":31,"column":43},"end":{"line":31,"column":62}}]},"5":{"loc":{"start":{"line":37,"column":9},"end":{"line":43,"column":3}},"type":"if","locations":[{"start":{"line":37,"column":9},"end":{"line":43,"column":3}},{"start":{},"end":{}}]},"6":{"loc":{"start":{"line":38,"column":4},"end":{"line":42,"column":5}},"type":"if","locations":[{"start":{"line":38,"column":4},"end":{"line":42,"column":5}},{"start":{"line":40,"column":11},"end":{"line":42,"column":5}}]},"7":{"loc":{"start":{"line":40,"column":11},"end":{"line":42,"column":5}},"type":"if","locations":[{"start":{"line":40,"column":11},"end":{"line":42,"column":5}},{"start":{},"end":{}}]},"8":{"loc":{"start":{"line":40,"column":15},"end":{"line":40,"column":62}},"type":"binary-expr","locations":[{"start":{"line":40,"column":15},"end":{"line":40,"column":35}},{"start":{"line":40,"column":39},"end":{"line":40,"column":62}}]}},"s":{"0":0,"1":0,"2":0,"3":0,"4":0,"5":0,"6":0,"7":0,"8":0,"9":0,"10":0,"11":0,"12":0,"13":0,"14":0,"15":0},"f":{"0":0},"b":{"0":[0],"1":[0,0],"2":[0,0],"3":[0,0],"4":[0,0],"5":[0,0],"6":[0,0],"7":[0,0],"8":[0,0]}}
,"D:\\IIT\\stringzy\\src\\transformations\\camelCase.ts": {"path":"D:\\IIT\\stringzy\\src\\transformations\\camelCase.ts","statementMap":{"0":{"start":{"line":25,"column":0},"end":{"line":25,"column":16}},"1":{"start":{"line":26,"column":2},"end":{"line":26,"column":30}},"2":{"start":{"line":26,"column":20},"end":{"line":26,"column":30}},"3":{"start":{"line":27,"column":2},"end":{"line":34,"column":64}},"4":{"start":{"line":33,"column":41},"end":{"line":33,"column":64}},"5":{"start":{"line":34,"column":39},"end":{"line":34,"column":62}}},"fnMap":{"0":{"name":"camelCase","decl":{"start":{"line":25,"column":16},"end":{"line":25,"column":25}},"loc":{"start":{"line":25,"column":38},"end":{"line":35,"column":1}}},"1":{"name":"(anonymous_1)","decl":{"start":{"line":33,"column":23},"end":{"line":33,"column":24}},"loc":{"start":{"line":33,"column":41},"end":{"line":33,"column":64}}},"2":{"name":"(anonymous_2)","decl":{"start":{"line":34,"column":21},"end":{"line":34,"column":22}},"loc":{"start":{"line":34,"column":39},"end":{"line":34,"column":62}}}},"branchMap":{"0":{"loc":{"start":{"line":26,"column":2},"end":{"line":26,"column":30}},"type":"if","locations":[{"start":{"line":26,"column":2},"end":{"line":26,"column":30}},{"start":{},"end":{}}]}},"s":{"0":0,"1":0,"2":0,"3":0,"4":0,"5":0},"f":{"0":0,"1":0,"2":0},"b":{"0":[0,0]}}
,"D:\\IIT\\stringzy\\src\\transformations\\capitalizeWords.ts": {"path":"D:\\IIT\\stringzy\\src\\transformations\\capitalizeWords.ts","statementMap":{"0":{"start":{"line":22,"column":0},"end":{"line":22,"column":16}},"1":{"start":{"line":23,"column":2},"end":{"line":25,"column":3}},"2":{"start":{"line":24,"column":4},"end":{"line":24,"column":60}},"3":{"start":{"line":26,"column":2},"end":{"line":26,"column":61}},"4":{"start":{"line":26,"column":41},"end":{"line":26,"column":59}}},"fnMap":{"0":{"name":"capitalizeWords","decl":{"start":{"line":22,"column":16},"end":{"line":22,"column":31}},"loc":{"start":{"line":22,"column":44},"end":{"line":27,"column":1}}},"1":{"name":"(anonymous_1)","decl":{"start":{"line":26,"column":31},"end":{"line":26,"column":32}},"loc":{"start":{"line":26,"column":41},"end":{"line":26,"column":59}}}},"branchMap":{"0":{"loc":{"start":{"line":23,"column":2},"end":{"line":25,"column":3}},"type":"if","locations":[{"start":{"line":23,"column":2},"end":{"line":25,"column":3}},{"start":{},"end":{}}]}},"s":{"0":0,"1":0,"2":0,"3":0,"4":0},"f":{"0":0,"1":0},"b":{"0":[0,0]}}
,"D:\\IIT\\stringzy\\src\\transformations\\constantCase.ts": {"path":"D:\\IIT\\stringzy\\src\\transformations\\constantCase.ts","statementMap":{"0":{"start":{"line":27,"column":0},"end":{"line":27,"column":16}},"1":{"start":{"line":28,"column":2},"end":{"line":28,"column":30}},"2":{"start":{"line":28,"column":20},"end":{"line":28,"column":30}},"3":{"start":{"line":29,"column":2},"end":{"line":36,"column":29}}},"fnMap":{"0":{"name":"constantCase","decl":{"start":{"line":27,"column":16},"end":{"line":27,"column":28}},"loc":{"start":{"line":27,"column":41},"end":{"line":37,"column":1}}}},"branchMap":{"0":{"loc":{"start":{"line":28,"column":2},"end":{"line":28,"column":30}},"type":"if","locations":[{"start":{"line":28,"column":2},"end":{"line":28,"column":30}},{"start":{},"end":{}}]}},"s":{"0":0,"1":0,"2":0,"3":0},"f":{"0":0},"b":{"0":[0,0]}}
,"D:\\IIT\\stringzy\\src\\transformations\\deburr.ts": {"path":"D:\\IIT\\stringzy\\src\\transformations\\deburr.ts","statementMap":{"0":{"start":{"line":7,"column":0},"end":{"line":7,"column":16}},"1":{"start":{"line":8,"column":2},"end":{"line":10,"column":3}},"2":{"start":{"line":9,"column":4},"end":{"line":9,"column":46}},"3":{"start":{"line":13,"column":2},"end":{"line":13,"column":62}}},"fnMap":{"0":{"name":"deburr","decl":{"start":{"line":7,"column":16},"end":{"line":7,"column":22}},"loc":{"start":{"line":7,"column":34},"end":{"line":14,"column":1}}}},"branchMap":{"0":{"loc":{"start":{"line":8,"column":2},"end":{"line":10,"column":3}},"type":"if","locations":[{"start":{"line":8,"column":2},"end":{"line":10,"column":3}},{"start":{},"end":{}}]}},"s":{"0":0,"1":0,"2":0,"3":0},"f":{"0":0},"b":{"0":[0,0]}}
,"D:\\IIT\\stringzy\\src\\transformations\\escapeHTML.ts": {"path":"D:\\IIT\\stringzy\\src\\transformations\\escapeHTML.ts","statementMap":{"0":{"start":{"line":24,"column":0},"end":{"line":24,"column":16}},"1":{"start":{"line":25,"column":46},"end":{"line":31,"column":4}},"2":{"start":{"line":33,"column":2},"end":{"line":33,"column":64}},"3":{"start":{"line":33,"column":44},"end":{"line":33,"column":62}}},"fnMap":{"0":{"name":"escapeHtml","decl":{"start":{"line":24,"column":16},"end":{"line":24,"column":26}},"loc":{"start":{"line":24,"column":38},"end":{"line":34,"column":1}}},"1":{"name":"(anonymous_1)","decl":{"start":{"line":33,"column":33},"end":{"line":33,"column":34}},"loc":{"start":{"line":33,"column":44},"end":{"line":33,"column":62}}}},"branchMap":{},"s":{"0":0,"1":0,"2":0,"3":0},"f":{"0":0,"1":0},"b":{}}
,"D:\\IIT\\stringzy\\src\\transformations\\index.ts": {"path":"D:\\IIT\\stringzy\\src\\transformations\\index.ts","statementMap":{"0":{"start":{"line":1,"column":0},"end":{"line":1,"column":9}},"1":{"start":{"line":1,"column":9},"end":{"line":1,"column":40}},"2":{"start":{"line":2,"column":0},"end":{"line":2,"column":9}},"3":{"start":{"line":2,"column":9},"end":{"line":2,"column":52}},"4":{"start":{"line":3,"column":0},"end":{"line":3,"column":9}},"5":{"start":{"line":3,"column":9},"end":{"line":3,"column":46}},"6":{"start":{"line":4,"column":0},"end":{"line":4,"column":9}},"7":{"start":{"line":4,"column":9},"end":{"line":4,"column":38}},"8":{"start":{"line":5,"column":0},"end":{"line":5,"column":9}},"9":{"start":{"line":5,"column":9},"end":{"line":5,"column":40}},"10":{"start":{"line":6,"column":0},"end":{"line":6,"column":9}},"11":{"start":{"line":6,"column":9},"end":{"line":6,"column":42}},"12":{"start":{"line":7,"column":0},"end":{"line":7,"column":9}},"13":{"start":{"line":7,"column":9},"end":{"line":7,"column":54}},"14":{"start":{"line":8,"column":0},"end":{"line":8,"column":9}},"15":{"start":{"line":8,"column":9},"end":{"line":8,"column":58}},"16":{"start":{"line":9,"column":0},"end":{"line":9,"column":9}},"17":{"start":{"line":9,"column":9},"end":{"line":9,"column":44}},"18":{"start":{"line":10,"column":0},"end":{"line":10,"column":9}},"19":{"start":{"line":10,"column":9},"end":{"line":10,"column":40}},"20":{"start":{"line":11,"column":0},"end":{"line":11,"column":9}},"21":{"start":{"line":11,"column":9},"end":{"line":11,"column":40}},"22":{"start":{"line":12,"column":0},"end":{"line":12,"column":9}},"23":{"start":{"line":12,"column":9},"end":{"line":12,"column":34}},"24":{"start":{"line":13,"column":0},"end":{"line":13,"column":9}},"25":{"start":{"line":13,"column":9},"end":{"line":13,"column":46}},"26":{"start":{"line":14,"column":0},"end":{"line":14,"column":9}},"27":{"start":{"line":14,"column":9},"end":{"line":14,"column":42}},"28":{"start":{"line":15,"column":0},"end":{"line":15,"column":9}},"29":{"start":{"line":15,"column":9},"end":{"line":15,"column":44}},"30":{"start":{"line":16,"column":0},"end":{"line":16,"column":9}},"31":{"start":{"line":16,"column":9},"end":{"line":16,"column":51}},"32":{"start":{"line":18,"column":0},"end":{"line":18,"column":40}},"33":{"start":{"line":19,"column":0},"end":{"line":19,"column":52}},"34":{"start":{"line":20,"column":0},"end":{"line":20,"column":46}},"35":{"start":{"line":21,"column":0},"end":{"line":21,"column":38}},"36":{"start":{"line":22,"column":0},"end":{"line":22,"column":40}},"37":{"start":{"line":23,"column":0},"end":{"line":23,"column":42}},"38":{"start":{"line":24,"column":0},"end":{"line":24,"column":54}},"39":{"start":{"line":25,"column":0},"end":{"line":25,"column":58}},"40":{"start":{"line":26,"column":0},"end":{"line":26,"column":44}},"41":{"start":{"line":27,"column":0},"end":{"line":27,"column":40}},"42":{"start":{"line":28,"column":0},"end":{"line":28,"column":40}},"43":{"start":{"line":29,"column":0},"end":{"line":29,"column":34}},"44":{"start":{"line":30,"column":0},"end":{"line":30,"column":46}},"45":{"start":{"line":31,"column":0},"end":{"line":31,"column":42}},"46":{"start":{"line":32,"column":0},"end":{"line":32,"column":44}},"47":{"start":{"line":33,"column":0},"end":{"line":33,"column":34}},"48":{"start":{"line":34,"column":0},"end":{"line":34,"column":51}},"49":{"start":{"line":36,"column":13},"end":{"line":54,"column":2}}},"fnMap":{"0":{"name":"(anonymous_0)","decl":{"start":{"line":1,"column":9},"end":{"line":1,"column":18}},"loc":{"start":{"line":1,"column":9},"end":{"line":1,"column":40}}},"1":{"name":"(anonymous_1)","decl":{"start":{"line":2,"column":9},"end":{"line":2,"column":24}},"loc":{"start":{"line":2,"column":9},"end":{"line":2,"column":52}}},"2":{"name":"(anonymous_2)","decl":{"start":{"line":3,"column":9},"end":{"line":3,"column":21}},"loc":{"start":{"line":3,"column":9},"end":{"line":3,"column":46}}},"3":{"name":"(anonymous_3)","decl":{"start":{"line":4,"column":9},"end":{"line":4,"column":17}},"loc":{"start":{"line":4,"column":9},"end":{"line":4,"column":38}}},"4":{"name":"(anonymous_4)","decl":{"start":{"line":5,"column":9},"end":{"line":5,"column":18}},"loc":{"start":{"line":5,"column":9},"end":{"line":5,"column":40}}},"5":{"name":"(anonymous_5)","decl":{"start":{"line":6,"column":9},"end":{"line":6,"column":19}},"loc":{"start":{"line":6,"column":9},"end":{"line":6,"column":42}}},"6":{"name":"(anonymous_6)","decl":{"start":{"line":7,"column":9},"end":{"line":7,"column":25}},"loc":{"start":{"line":7,"column":9},"end":{"line":7,"column":54}}},"7":{"name":"(anonymous_7)","decl":{"start":{"line":8,"column":9},"end":{"line":8,"column":27}},"loc":{"start":{"line":8,"column":9},"end":{"line":8,"column":58}}},"8":{"name":"(anonymous_8)","decl":{"start":{"line":9,"column":9},"end":{"line":9,"column":20}},"loc":{"start":{"line":9,"column":9},"end":{"line":9,"column":44}}},"9":{"name":"(anonymous_9)","decl":{"start":{"line":10,"column":9},"end":{"line":10,"column":18}},"loc":{"start":{"line":10,"column":9},"end":{"line":10,"column":40}}},"10":{"name":"(anonymous_10)","decl":{"start":{"line":11,"column":9},"end":{"line":11,"column":18}},"loc":{"start":{"line":11,"column":9},"end":{"line":11,"column":40}}},"11":{"name":"(anonymous_11)","decl":{"start":{"line":12,"column":9},"end":{"line":12,"column":15}},"loc":{"start":{"line":12,"column":9},"end":{"line":12,"column":34}}},"12":{"name":"(anonymous_12)","decl":{"start":{"line":13,"column":9},"end":{"line":13,"column":21}},"loc":{"start":{"line":13,"column":9},"end":{"line":13,"column":46}}},"13":{"name":"(anonymous_13)","decl":{"start":{"line":14,"column":9},"end":{"line":14,"column":19}},"loc":{"start":{"line":14,"column":9},"end":{"line":14,"column":42}}},"14":{"name":"(anonymous_14)","decl":{"start":{"line":15,"column":9},"end":{"line":15,"column":20}},"loc":{"start":{"line":15,"column":9},"end":{"line":15,"column":44}}},"15":{"name":"(anonymous_15)","decl":{"start":{"line":16,"column":9},"end":{"line":16,"column":21}},"loc":{"start":{"line":16,"column":9},"end":{"line":16,"column":51}}}},"branchMap":{},"s":{"0":0,"1":0,"2":0,"3":0,"4":0,"5":0,"6":0,"7":0,"8":0,"9":0,"10":0,"11":0,"12":0,"13":0,"14":0,"15":0,"16":0,"17":0,"18":0,"19":0,"20":0,"21":0,"22":0,"23":0,"24":0,"25":0,"26":0,"27":0,"28":0,"29":0,"30":0,"31":0,"32":0,"33":0,"34":0,"35":0,"36":0,"37":0,"38":0,"39":0,"40":0,"41":0,"42":0,"43":0,"44":0,"45":0,"46":0,"47":0,"48":0,"49":0},"f":{"0":0,"1":0,"2":0,"3":0,"4":0,"5":0,"6":0,"7":0,"8":0,"9":0,"10":0,"11":0,"12":0,"13":0,"14":0,"15":0},"b":{}}
,"D:\\IIT\\stringzy\\src\\transformations\\initials.ts": {"path":"D:\\IIT\\stringzy\\src\\transformations\\initials.ts","statementMap":{"0":{"start":{"line":28,"column":0},"end":{"line":28,"column":16}},"1":{"start":{"line":29,"column":2},"end":{"line":31,"column":3}},"2":{"start":{"line":30,"column":4},"end":{"line":30,"column":50}},"3":{"start":{"line":32,"column":2},"end":{"line":34,"column":3}},"4":{"start":{"line":33,"column":4},"end":{"line":33,"column":52}},"5":{"start":{"line":35,"column":2},"end":{"line":37,"column":3}},"6":{"start":{"line":36,"column":4},"end":{"line":36,"column":59}},"7":{"start":{"line":38,"column":16},"end":{"line":41,"column":38}},"8":{"start":{"line":41,"column":22},"end":{"line":41,"column":37}},"9":{"start":{"line":42,"column":2},"end":{"line":42,"column":36}},"10":{"start":{"line":42,"column":26},"end":{"line":42,"column":36}},"11":{"start":{"line":43,"column":24},"end":{"line":43,"column":91}},"12":{"start":{"line":43,"column":44},"end":{"line":43,"column":58}},"13":{"start":{"line":44,"column":2},"end":{"line":44,"column":32}}},"fnMap":{"0":{"name":"initials","decl":{"start":{"line":28,"column":16},"end":{"line":28,"column":24}},"loc":{"start":{"line":28,"column":53},"end":{"line":45,"column":1}}},"1":{"name":"(anonymous_1)","decl":{"start":{"line":41,"column":12},"end":{"line":41,"column":13}},"loc":{"start":{"line":41,"column":22},"end":{"line":41,"column":37}}},"2":{"name":"(anonymous_2)","decl":{"start":{"line":43,"column":34},"end":{"line":43,"column":35}},"loc":{"start":{"line":43,"column":44},"end":{"line":43,"column":58}}}},"branchMap":{"0":{"loc":{"start":{"line":29,"column":2},"end":{"line":31,"column":3}},"type":"if","locations":[{"start":{"line":29,"column":2},"end":{"line":31,"column":3}},{"start":{},"end":{}}]},"1":{"loc":{"start":{"line":32,"column":2},"end":{"line":34,"column":3}},"type":"if","locations":[{"start":{"line":32,"column":2},"end":{"line":34,"column":3}},{"start":{},"end":{}}]},"2":{"loc":{"start":{"line":32,"column":6},"end":{"line":32,"column":72}},"type":"binary-expr","locations":[{"start":{"line":32,"column":6},"end":{"line":32,"column":25}},{"start":{"line":32,"column":30},"end":{"line":32,"column":55}},{"start":{"line":32,"column":59},"end":{"line":32,"column":71}}]},"3":{"loc":{"start":{"line":35,"column":2},"end":{"line":37,"column":3}},"type":"if","locations":[{"start":{"line":35,"column":2},"end":{"line":37,"column":3}},{"start":{},"end":{}}]},"4":{"loc":{"start":{"line":35,"column":6},"end":{"line":35,"column":38}},"type":"binary-expr","locations":[{"start":{"line":35,"column":6},"end":{"line":35,"column":25}},{"start":{"line":35,"column":29},"end":{"line":35,"column":38}}]},"5":{"loc":{"start":{"line":42,"column":2},"end":{"line":42,"column":36}},"type":"if","locations":[{"start":{"line":42,"column":2},"end":{"line":42,"column":36}},{"start":{},"end":{}}]},"6":{"loc":{"start":{"line":43,"column":69},"end":{"line":43,"column":90}},"type":"binary-expr","locations":[{"start":{"line":43,"column":69},"end":{"line":43,"column":74}},{"start":{"line":43,"column":78},"end":{"line":43,"column":90}}]}},"s":{"0":0,"1":0,"2":0,"3":0,"4":0,"5":0,"6":0,"7":0,"8":0,"9":0,"10":0,"11":0,"12":0,"13":0},"f":{"0":0,"1":0,"2":0},"b":{"0":[0,0],"1":[0,0],"2":[0,0,0],"3":[0,0],"4":[0,0],"5":[0,0],"6":[0,0]}}
,"D:\\IIT\\stringzy\\src\\transformations\\kebabCase.ts": {"path":"D:\\IIT\\stringzy\\src\\transformations\\kebabCase.ts","statementMap":{"0":{"start":{"line":27,"column":0},"end":{"line":27,"column":16}},"1":{"start":{"line":28,"column":2},"end":{"line":28,"column":30}},"2":{"start":{"line":28,"column":20},"end":{"line":28,"column":30}},"3":{"start":{"line":29,"column":2},"end":{"line":36,"column":29}}},"fnMap":{"0":{"name":"kebabCase","decl":{"start":{"line":27,"column":16},"end":{"line":27,"column":25}},"loc":{"start":{"line":27,"column":38},"end":{"line":37,"column":1}}}},"branchMap":{"0":{"loc":{"start":{"line":28,"column":2},"end":{"line":28,"column":30}},"type":"if","locations":[{"start":{"line":28,"column":2},"end":{"line":28,"column":30}},{"start":{},"end":{}}]}},"s":{"0":0,"1":0,"2":0,"3":0},"f":{"0":0},"b":{"0":[0,0]}}
,"D:\\IIT\\stringzy\\src\\transformations\\maskSegment.ts": {"path":"D:\\IIT\\stringzy\\src\\transformations\\maskSegment.ts","statementMap":{"0":{"start":{"line":10,"column":0},"end":{"line":10,"column":16}},"1":{"start":{"line":16,"column":2},"end":{"line":18,"column":3}},"2":{"start":{"line":17,"column":4},"end":{"line":17,"column":50}},"3":{"start":{"line":20,"column":2},"end":{"line":22,"column":3}},"4":{"start":{"line":21,"column":4},"end":{"line":21,"column":65}},"5":{"start":{"line":24,"column":2},"end":{"line":26,"column":3}},"6":{"start":{"line":25,"column":4},"end":{"line":25,"column":40}},"7":{"start":{"line":28,"column":2},"end":{"line":28,"column":95}}},"fnMap":{"0":{"name":"maskSegment","decl":{"start":{"line":10,"column":16},"end":{"line":10,"column":27}},"loc":{"start":{"line":14,"column":24},"end":{"line":29,"column":1}}}},"branchMap":{"0":{"loc":{"start":{"line":12,"column":2},"end":{"line":12,"column":23}},"type":"default-arg","locations":[{"start":{"line":12,"column":22},"end":{"line":12,"column":23}}]},"1":{"loc":{"start":{"line":13,"column":2},"end":{"line":13,"column":31}},"type":"default-arg","locations":[{"start":{"line":13,"column":20},"end":{"line":13,"column":31}}]},"2":{"loc":{"start":{"line":14,"column":2},"end":{"line":14,"column":24}},"type":"default-arg","locations":[{"start":{"line":14,"column":21},"end":{"line":14,"column":24}}]},"3":{"loc":{"start":{"line":16,"column":2},"end":{"line":18,"column":3}},"type":"if","locations":[{"start":{"line":16,"column":2},"end":{"line":18,"column":3}},{"start":{},"end":{}}]},"4":{"loc":{"start":{"line":16,"column":6},"end":{"line":16,"column":68}},"type":"binary-expr","locations":[{"start":{"line":16,"column":6},"end":{"line":16,"column":19}},{"start":{"line":16,"column":23},"end":{"line":16,"column":44}},{"start":{"line":16,"column":48},"end":{"line":16,"column":68}}]},"5":{"loc":{"start":{"line":20,"column":2},"end":{"line":22,"column":3}},"type":"if","locations":[{"start":{"line":20,"column":2},"end":{"line":22,"column":3}},{"start":{},"end":{}}]},"6":{"loc":{"start":{"line":24,"column":2},"end":{"line":26,"column":3}},"type":"if","locations":[{"start":{"line":24,"column":2},"end":{"line":26,"column":3}},{"start":{},"end":{}}]},"7":{"loc":{"start":{"line":24,"column":6},"end":{"line":24,"column":48}},"type":"binary-expr","locations":[{"start":{"line":24,"column":6},"end":{"line":24,"column":21}},{"start":{"line":24,"column":25},"end":{"line":24,"column":48}}]}},"s":{"0":0,"1":0,"2":0,"3":0,"4":0,"5":0,"6":0,"7":0},"f":{"0":0},"b":{"0":[0],"1":[0],"2":[0],"3":[0,0],"4":[0,0,0],"5":[0,0],"6":[0,0],"7":[0,0]}}
,"D:\\IIT\\stringzy\\src\\transformations\\pascalCase.ts": {"path":"D:\\IIT\\stringzy\\src\\transformations\\pascalCase.ts","statementMap":{"0":{"start":{"line":26,"column":0},"end":{"line":26,"column":16}},"1":{"start":{"line":27,"column":2},"end":{"line":27,"column":30}},"2":{"start":{"line":27,"column":20},"end":{"line":27,"column":30}},"3":{"start":{"line":28,"column":2},"end":{"line":35,"column":24}},"4":{"start":{"line":34,"column":53},"end":{"line":34,"column":76}}},"fnMap":{"0":{"name":"pascalCase","decl":{"start":{"line":26,"column":16},"end":{"line":26,"column":26}},"loc":{"start":{"line":26,"column":39},"end":{"line":36,"column":1}}},"1":{"name":"(anonymous_1)","decl":{"start":{"line":34,"column":27},"end":{"line":34,"column":28}},"loc":{"start":{"line":34,"column":53},"end":{"line":34,"column":76}}}},"branchMap":{"0":{"loc":{"start":{"line":27,"column":2},"end":{"line":27,"column":30}},"type":"if","locations":[{"start":{"line":27,"column":2},"end":{"line":27,"column":30}},{"start":{},"end":{}}]}},"s":{"0":0,"1":0,"2":0,"3":0,"4":0},"f":{"0":0,"1":0},"b":{"0":[0,0]}}
,"D:\\IIT\\stringzy\\src\\transformations\\removeDuplicates.ts": {"path":"D:\\IIT\\stringzy\\src\\transformations\\removeDuplicates.ts","statementMap":{"0":{"start":{"line":22,"column":0},"end":{"line":22,"column":16}},"1":{"start":{"line":23,"column":2},"end":{"line":25,"column":3}},"2":{"start":{"line":24,"column":4},"end":{"line":24,"column":50}},"3":{"start":{"line":26,"column":18},"end":{"line":26,"column":35}},"4":{"start":{"line":27,"column":2},"end":{"line":29,"column":5}},"5":{"start":{"line":28,"column":4},"end":{"line":28,"column":22}},"6":{"start":{"line":30,"column":2},"end":{"line":30,"column":39}}},"fnMap":{"0":{"name":"removeDuplicates","decl":{"start":{"line":22,"column":16},"end":{"line":22,"column":32}},"loc":{"start":{"line":22,"column":45},"end":{"line":31,"column":1}}},"1":{"name":"(anonymous_1)","decl":{"start":{"line":27,"column":26},"end":{"line":27,"column":27}},"loc":{"start":{"line":27,"column":35},"end":{"line":29,"column":3}}}},"branchMap":{"0":{"loc":{"start":{"line":23,"column":2},"end":{"line":25,"column":3}},"type":"if","locations":[{"start":{"line":23,"column":2},"end":{"line":25,"column":3}},{"start":{},"end":{}}]}},"s":{"0":0,"1":0,"2":0,"3":0,"4":0,"5":0,"6":0},"f":{"0":0,"1":0},"b":{"0":[0,0]}}
,"D:\\IIT\\stringzy\\src\\transformations\\removeSpecialChars.ts": {"path":"D:\\IIT\\stringzy\\src\\transformations\\removeSpecialChars.ts","statementMap":{"0":{"start":{"line":23,"column":0},"end":{"line":23,"column":16}},"1":{"start":{"line":24,"column":2},"end":{"line":26,"column":3}},"2":{"start":{"line":25,"column":4},"end":{"line":25,"column":64}},"3":{"start":{"line":27,"column":2},"end":{"line":29,"column":3}},"4":{"start":{"line":28,"column":4},"end":{"line":28,"column":57}},"5":{"start":{"line":30,"column":2},"end":{"line":30,"column":48}}},"fnMap":{"0":{"name":"removeSpecialChars","decl":{"start":{"line":23,"column":16},"end":{"line":23,"column":34}},"loc":{"start":{"line":23,"column":73},"end":{"line":31,"column":1}}}},"branchMap":{"0":{"loc":{"start":{"line":23,"column":49},"end":{"line":23,"column":73}},"type":"default-arg","locations":[{"start":{"line":23,"column":71},"end":{"line":23,"column":73}}]},"1":{"loc":{"start":{"line":24,"column":2},"end":{"line":26,"column":3}},"type":"if","locations":[{"start":{"line":24,"column":2},"end":{"line":26,"column":3}},{"start":{},"end":{}}]},"2":{"loc":{"start":{"line":27,"column":2},"end":{"line":29,"column":3}},"type":"if","locations":[{"start":{"line":27,"column":2},"end":{"line":29,"column":3}},{"start":{},"end":{}}]}},"s":{"0":0,"1":0,"2":0,"3":0,"4":0,"5":0},"f":{"0":0},"b":{"0":[0],"1":[0,0],"2":[0,0]}}
,"D:\\IIT\\stringzy\\src\\transformations\\removeWords.ts": {"path":"D:\\IIT\\stringzy\\src\\transformations\\removeWords.ts","statementMap":{"0":{"start":{"line":28,"column":0},"end":{"line":28,"column":16}},"1":{"start":{"line":29,"column":2},"end":{"line":31,"column":3}},"2":{"start":{"line":30,"column":4},"end":{"line":30,"column":68}},"3":{"start":{"line":32,"column":2},"end":{"line":34,"column":3}},"4":{"start":{"line":33,"column":4},"end":{"line":33,"column":60}},"5":{"start":{"line":35,"column":2},"end":{"line":37,"column":3}},"6":{"start":{"line":36,"column":4},"end":{"line":36,"column":71}},"7":{"start":{"line":38,"column":2},"end":{"line":40,"column":3}},"8":{"start":{"line":39,"column":4},"end":{"line":39,"column":84}},"9":{"start":{"line":41,"column":2},"end":{"line":43,"column":3}},"10":{"start":{"line":42,"column":4},"end":{"line":42,"column":14}},"11":{"start":{"line":44,"column":21},"end":{"line":44,"column":83}},"12":{"start":{"line":45,"column":16},"end":{"line":45,"column":67}},"13":{"start":{"line":46,"column":2},"end":{"line":46,"column":60}}},"fnMap":{"0":{"name":"removeWords","decl":{"start":{"line":28,"column":16},"end":{"line":28,"column":27}},"loc":{"start":{"line":28,"column":73},"end":{"line":47,"column":1}}}},"branchMap":{"0":{"loc":{"start":{"line":29,"column":2},"end":{"line":31,"column":3}},"type":"if","locations":[{"start":{"line":29,"column":2},"end":{"line":31,"column":3}},{"start":{},"end":{}}]},"1":{"loc":{"start":{"line":29,"column":6},"end":{"line":29,"column":39}},"type":"binary-expr","locations":[{"start":{"line":29,"column":6},"end":{"line":29,"column":18}},{"start":{"line":29,"column":22},"end":{"line":29,"column":39}}]},"2":{"loc":{"start":{"line":32,"column":2},"end":{"line":34,"column":3}},"type":"if","locations":[{"start":{"line":32,"column":2},"end":{"line":34,"column":3}},{"start":{},"end":{}}]},"3":{"loc":{"start":{"line":35,"column":2},"end":{"line":37,"column":3}},"type":"if","locations":[{"start":{"line":35,"column":2},"end":{"line":37,"column":3}},{"start":{},"end":{}}]},"4":{"loc":{"start":{"line":35,"column":6},"end":{"line":35,"column":59}},"type":"binary-expr","locations":[{"start":{"line":35,"column":6},"end":{"line":35,"column":28}},{"start":{"line":35,"column":32},"end":{"line":35,"column":59}}]},"5":{"loc":{"start":{"line":38,"column":2},"end":{"line":40,"column":3}},"type":"if","locations":[{"start":{"line":38,"column":2},"end":{"line":40,"column":3}},{"start":{},"end":{}}]},"6":{"loc":{"start":{"line":38,"column":6},"end":{"line":38,"column":72}},"type":"binary-expr","locations":[{"start":{"line":38,"column":6},"end":{"line":38,"column":39}},{"start":{"line":38,"column":43},"end":{"line":38,"column":72}}]},"7":{"loc":{"start":{"line":41,"column":2},"end":{"line":43,"column":3}},"type":"if","locations":[{"start":{"line":41,"column":2},"end":{"line":43,"column":3}},{"start":{},"end":{}}]},"8":{"loc":{"start":{"line":44,"column":21},"end":{"line":44,"column":83}},"type":"cond-expr","locations":[{"start":{"line":44,"column":52},"end":{"line":44,"column":65}},{"start":{"line":44,"column":68},"end":{"line":44,"column":83}}]}},"s":{"0":0,"1":0,"2":0,"3":0,"4":0,"5":0,"6":0,"7":0,"8":0,"9":0,"10":0,"11":0,"12":0,"13":0},"f":{"0":0},"b":{"0":[0,0],"1":[0,0],"2":[0,0],"3":[0,0],"4":[0,0],"5":[0,0],"6":[0,0],"7":[0,0],"8":[0,0]}}
,"D:\\IIT\\stringzy\\src\\transformations\\snakeCase.ts": {"path":"D:\\IIT\\stringzy\\src\\transformations\\snakeCase.ts","statementMap":{"0":{"start":{"line":27,"column":0},"end":{"line":27,"column":16}},"1":{"start":{"line":28,"column":2},"end":{"line":28,"column":30}},"2":{"start":{"line":28,"column":20},"end":{"line":28,"column":30}},"3":{"start":{"line":29,"column":2},"end":{"line":36,"column":29}}},"fnMap":{"0":{"name":"snakeCase","decl":{"start":{"line":27,"column":16},"end":{"line":27,"column":25}},"loc":{"start":{"line":27,"column":38},"end":{"line":37,"column":1}}}},"branchMap":{"0":{"loc":{"start":{"line":28,"column":2},"end":{"line":28,"column":30}},"type":"if","locations":[{"start":{"line":28,"column":2},"end":{"line":28,"column":30}},{"start":{},"end":{}}]}},"s":{"0":0,"1":0,"2":0,"3":0},"f":{"0":0},"b":{"0":[0,0]}}
,"D:\\IIT\\stringzy\\src\\transformations\\splitChunks.ts": {"path":"D:\\IIT\\stringzy\\src\\transformations\\splitChunks.ts","statementMap":{"0":{"start":{"line":8,"column":0},"end":{"line":8,"column":16}},"1":{"start":{"line":9,"column":2},"end":{"line":11,"column":3}},"2":{"start":{"line":10,"column":4},"end":{"line":10,"column":51}},"3":{"start":{"line":12,"column":2},"end":{"line":14,"column":3}},"4":{"start":{"line":13,"column":4},"end":{"line":13,"column":73}},"5":{"start":{"line":16,"column":14},"end":{"line":16,"column":25}},"6":{"start":{"line":17,"column":17},"end":{"line":17,"column":19}},"7":{"start":{"line":18,"column":2},"end":{"line":20,"column":3}},"8":{"start":{"line":18,"column":15},"end":{"line":18,"column":16}},"9":{"start":{"line":19,"column":4},"end":{"line":19,"column":46}},"10":{"start":{"line":21,"column":2},"end":{"line":21,"column":16}}},"fnMap":{"0":{"name":"splitChunks","decl":{"start":{"line":8,"column":16},"end":{"line":8,"column":27}},"loc":{"start":{"line":8,"column":63},"end":{"line":22,"column":1}}}},"branchMap":{"0":{"loc":{"start":{"line":8,"column":42},"end":{"line":8,"column":63}},"type":"default-arg","locations":[{"start":{"line":8,"column":62},"end":{"line":8,"column":63}}]},"1":{"loc":{"start":{"line":9,"column":2},"end":{"line":11,"column":3}},"type":"if","locations":[{"start":{"line":9,"column":2},"end":{"line":11,"column":3}},{"start":{},"end":{}}]},"2":{"loc":{"start":{"line":12,"column":2},"end":{"line":14,"column":3}},"type":"if","locations":[{"start":{"line":12,"column":2},"end":{"line":14,"column":3}},{"start":{},"end":{}}]},"3":{"loc":{"start":{"line":12,"column":6},"end":{"line":12,"column":84}},"type":"binary-expr","locations":[{"start":{"line":12,"column":6},"end":{"line":12,"column":35}},{"start":{"line":12,"column":39},"end":{"line":12,"column":67}},{"start":{"line":12,"column":71},"end":{"line":12,"column":84}}]}},"s":{"0":0,"1":0,"2":0,"3":0,"4":0,"5":0,"6":0,"7":0,"8":0,"9":0,"10":0},"f":{"0":0},"b":{"0":[0],"1":[0,0],"2":[0,0],"3":[0,0,0]}}
,"D:\\IIT\\stringzy\\src\\transformations\\titleCase.ts": {"path":"D:\\IIT\\stringzy\\src\\transformations\\titleCase.ts","statementMap":{"0":{"start":{"line":26,"column":0},"end":{"line":26,"column":16}},"1":{"start":{"line":27,"column":2},"end":{"line":27,"column":30}},"2":{"start":{"line":27,"column":20},"end":{"line":27,"column":30}},"3":{"start":{"line":28,"column":2},"end":{"line":34,"column":25}},"4":{"start":{"line":33,"column":53},"end":{"line":33,"column":85}}},"fnMap":{"0":{"name":"titleCase","decl":{"start":{"line":26,"column":16},"end":{"line":26,"column":25}},"loc":{"start":{"line":26,"column":38},"end":{"line":35,"column":1}}},"1":{"name":"(anonymous_1)","decl":{"start":{"line":33,"column":27},"end":{"line":33,"column":28}},"loc":{"start":{"line":33,"column":53},"end":{"line":33,"column":85}}}},"branchMap":{"0":{"loc":{"start":{"line":27,"column":2},"end":{"line":27,"column":30}},"type":"if","locations":[{"start":{"line":27,"column":2},"end":{"line":27,"column":30}},{"start":{},"end":{}}]}},"s":{"0":0,"1":0,"2":0,"3":0,"4":0},"f":{"0":0,"1":0},"b":{"0":[0,0]}}
,"D:\\IIT\\stringzy\\src\\transformations\\toSlug.ts": {"path":"D:\\IIT\\stringzy\\src\\transformations\\toSlug.ts","statementMap":{"0":{"start":{"line":25,"column":0},"end":{"line":25,"column":16}},"1":{"start":{"line":26,"column":2},"end":{"line":28,"column":3}},"2":{"start":{"line":27,"column":4},"end":{"line":27,"column":60}},"3":{"start":{"line":29,"column":2},"end":{"line":33,"column":29}}},"fnMap":{"0":{"name":"toSlug","decl":{"start":{"line":25,"column":16},"end":{"line":25,"column":22}},"loc":{"start":{"line":25,"column":35},"end":{"line":34,"column":1}}}},"branchMap":{"0":{"loc":{"start":{"line":26,"column":2},"end":{"line":28,"column":3}},"type":"if","locations":[{"start":{"line":26,"column":2},"end":{"line":28,"column":3}},{"start":{},"end":{}}]}},"s":{"0":0,"1":0,"2":0,"3":0},"f":{"0":0},"b":{"0":[0,0]}}
,"D:\\IIT\\stringzy\\src\\transformations\\truncateText.ts": {"path":"D:\\IIT\\stringzy\\src\\transformations\\truncateText.ts","statementMap":{"0":{"start":{"line":26,"column":0},"end":{"line":26,"column":16}},"1":{"start":{"line":27,"column":2},"end":{"line":29,"column":3}},"2":{"start":{"line":28,"column":4},"end":{"line":28,"column":56}},"3":{"start":{"line":30,"column":2},"end":{"line":32,"column":3}},"4":{"start":{"line":31,"column":4},"end":{"line":31,"column":64}},"5":{"start":{"line":33,"column":2},"end":{"line":35,"column":3}},"6":{"start":{"line":34,"column":4},"end":{"line":34,"column":52}},"7":{"start":{"line":37,"column":2},"end":{"line":39,"column":3}},"8":{"start":{"line":38,"column":4},"end":{"line":38,"column":16}},"9":{"start":{"line":41,"column":25},"end":{"line":41,"column":50}},"10":{"start":{"line":42,"column":2},"end":{"line":42,"column":73}}},"fnMap":{"0":{"name":"truncateText","decl":{"start":{"line":26,"column":16},"end":{"line":26,"column":28}},"loc":{"start":{"line":26,"column":84},"end":{"line":43,"column":1}}}},"branchMap":{"0":{"loc":{"start":{"line":26,"column":62},"end":{"line":26,"column":84}},"type":"default-arg","locations":[{"start":{"line":26,"column":79},"end":{"line":26,"column":84}}]},"1":{"loc":{"start":{"line":27,"column":2},"end":{"line":29,"column":3}},"type":"if","locations":[{"start":{"line":27,"column":2},"end":{"line":29,"column":3}},{"start":{},"end":{}}]},"2":{"loc":{"start":{"line":30,"column":2},"end":{"line":32,"column":3}},"type":"if","locations":[{"start":{"line":30,"column":2},"end":{"line":32,"column":3}},{"start":{},"end":{}}]},"3":{"loc":{"start":{"line":30,"column":6},"end":{"line":30,"column":52}},"type":"binary-expr","locations":[{"start":{"line":30,"column":6},"end":{"line":30,"column":35}},{"start":{"line":30,"column":39},"end":{"line":30,"column":52}}]},"4":{"loc":{"start":{"line":33,"column":2},"end":{"line":35,"column":3}},"type":"if","locations":[{"start":{"line":33,"column":2},"end":{"line":35,"column":3}},{"start":{},"end":{}}]},"5":{"loc":{"start":{"line":37,"column":2},"end":{"line":39,"column":3}},"type":"if","locations":[{"start":{"line":37,"column":2},"end":{"line":39,"column":3}},{"start":{},"end":{}}]},"6":{"loc":{"start":{"line":42,"column":23},"end":{"line":42,"column":62}},"type":"cond-expr","locations":[{"start":{"line":42,"column":44},"end":{"line":42,"column":58}},{"start":{"line":42,"column":61},"end":{"line":42,"column":62}}]}},"s":{"0":0,"1":0,"2":0,"3":0,"4":0,"5":0,"6":0,"7":0,"8":0,"9":0,"10":0},"f":{"0":0},"b":{"0":[0],"1":[0,0],"2":[0,0],"3":[0,0],"4":[0,0],"5":[0,0],"6":[0,0]}}
,"D:\\IIT\\stringzy\\src\\transformations\\numberToText\\helpers.ts": {"path":"D:\\IIT\\stringzy\\src\\transformations\\numberToText\\helpers.ts","statementMap":{"0":{"start":{"line":4,"column":0},"end":{"line":4,"column":16}},"1":{"start":{"line":13,"column":0},"end":{"line":13,"column":16}},"2":{"start":{"line":5,"column":4},"end":{"line":5,"column":19}},"3":{"start":{"line":14,"column":19},"end":{"line":14,"column":32}},"4":{"start":{"line":15,"column":4},"end":{"line":15,"column":62}},"5":{"start":{"line":15,"column":37},"end":{"line":15,"column":62}},"6":{"start":{"line":16,"column":4},"end":{"line":16,"column":54}},"7":{"start":{"line":16,"column":33},"end":{"line":16,"column":54}},"8":{"start":{"line":17,"column":4},"end":{"line":17,"column":46}},"9":{"start":{"line":17,"column":29},"end":{"line":17,"column":46}},"10":{"start":{"line":18,"column":4},"end":{"line":18,"column":38}},"11":{"start":{"line":18,"column":25},"end":{"line":18,"column":38}},"12":{"start":{"line":19,"column":4},"end":{"line":19,"column":34}},"13":{"start":{"line":19,"column":23},"end":{"line":19,"column":34}},"14":{"start":{"line":20,"column":4},"end":{"line":20,"column":32}},"15":{"start":{"line":20,"column":22},"end":{"line":20,"column":32}},"16":{"start":{"line":21,"column":4},"end":{"line":21,"column":13}}},"fnMap":{"0":{"name":"isNegative","decl":{"start":{"line":4,"column":16},"end":{"line":4,"column":26}},"loc":{"start":{"line":4,"column":38},"end":{"line":6,"column":1}}},"1":{"name":"getOrderOfMagnitude","decl":{"start":{"line":13,"column":16},"end":{"line":13,"column":35}},"loc":{"start":{"line":13,"column":47},"end":{"line":22,"column":1}}}},"branchMap":{"0":{"loc":{"start":{"line":15,"column":4},"end":{"line":15,"column":62}},"type":"if","locations":[{"start":{"line":15,"column":4},"end":{"line":15,"column":62}},{"start":{},"end":{}}]},"1":{"loc":{"start":{"line":16,"column":4},"end":{"line":16,"column":54}},"type":"if","locations":[{"start":{"line":16,"column":4},"end":{"line":16,"column":54}},{"start":{},"end":{}}]},"2":{"loc":{"start":{"line":17,"column":4},"end":{"line":17,"column":46}},"type":"if","locations":[{"start":{"line":17,"column":4},"end":{"line":17,"column":46}},{"start":{},"end":{}}]},"3":{"loc":{"start":{"line":18,"column":4},"end":{"line":18,"column":38}},"type":"if","locations":[{"start":{"line":18,"column":4},"end":{"line":18,"column":38}},{"start":{},"end":{}}]},"4":{"loc":{"start":{"line":19,"column":4},"end":{"line":19,"column":34}},"type":"if","locations":[{"start":{"line":19,"column":4},"end":{"line":19,"column":34}},{"start":{},"end":{}}]},"5":{"loc":{"start":{"line":20,"column":4},"end":{"line":20,"column":32}},"type":"if","locations":[{"start":{"line":20,"column":4},"end":{"line":20,"column":32}},{"start":{},"end":{}}]}},"s":{"0":0,"1":0,"2":0,"3":0,"4":0,"5":0,"6":0,"7":0,"8":0,"9":0,"10":0,"11":0,"12":0,"13":0,"14":0,"15":0,"16":0},"f":{"0":0,"1":0},"b":{"0":[0,0],"1":[0,0],"2":[0,0],"3":[0,0],"4":[0,0],"5":[0,0]}}
,"D:\\IIT\\stringzy\\src\\transformations\\numberToText\\implementation_EN.ts": {"path":"D:\\IIT\\stringzy\\src\\transformations\\numberToText\\implementation_EN.ts","statementMap":{"0":{"start":{"line":1,"column":0},"end":{"line":1,"column":35}},"1":{"start":{"line":2,"column":0},"end":{"line":2,"column":58}},"2":{"start":{"line":13,"column":4},"end":{"line":15,"column":5}},"3":{"start":{"line":14,"column":8},"end":{"line":14,"column":56}},"4":{"start":{"line":18,"column":4},"end":{"line":20,"column":5}},"5":{"start":{"line":19,"column":8},"end":{"line":19,"column":31}},"6":{"start":{"line":23,"column":4},"end":{"line":30,"column":5}},"7":{"start":{"line":24,"column":21},"end":{"line":24,"column":46}},"8":{"start":{"line":25,"column":21},"end":{"line":25,"column":29}},"9":{"start":{"line":26,"column":8},"end":{"line":28,"column":9}},"10":{"start":{"line":27,"column":12},"end":{"line":27,"column":36}},"11":{"start":{"line":29,"column":8},"end":{"line":29,"column":57}},"12":{"start":{"line":33,"column":22},"end":{"line":33,"column":46}},"13":{"start":{"line":34,"column":21},"end":{"line":34,"column":48}},"14":{"start":{"line":35,"column":22},"end":{"line":35,"column":37}},"15":{"start":{"line":38,"column":4},"end":{"line":41,"column":5}},"16":{"start":{"line":39,"column":23},"end":{"line":39,"column":60}},"17":{"start":{"line":40,"column":8},"end":{"line":40,"column":83}},"18":{"start":{"line":44,"column":26},"end":{"line":44,"column":47}},"19":{"start":{"line":45,"column":25},"end":{"line":45,"column":49}},"20":{"start":{"line":46,"column":19},"end":{"line":46,"column":53}},"21":{"start":{"line":48,"column":4},"end":{"line":48,"column":79}},"22":{"start":{"line":51,"column":0},"end":{"line":51,"column":30}}},"fnMap":{"0":{"name":"numberToTextEn","decl":{"start":{"line":12,"column":9},"end":{"line":12,"column":23}},"loc":{"start":{"line":12,"column":35},"end":{"line":49,"column":1}}}},"branchMap":{"0":{"loc":{"start":{"line":13,"column":4},"end":{"line":15,"column":5}},"type":"if","locations":[{"start":{"line":13,"column":4},"end":{"line":15,"column":5}},{"start":{},"end":{}}]},"1":{"loc":{"start":{"line":18,"column":4},"end":{"line":20,"column":5}},"type":"if","locations":[{"start":{"line":18,"column":4},"end":{"line":20,"column":5}},{"start":{},"end":{}}]},"2":{"loc":{"start":{"line":18,"column":8},"end":{"line":18,"column":36}},"type":"binary-expr","locations":[{"start":{"line":18,"column":8},"end":{"line":18,"column":17}},{"start":{"line":18,"column":21},"end":{"line":18,"column":36}}]},"3":{"loc":{"start":{"line":23,"column":4},"end":{"line":30,"column":5}},"type":"if","locations":[{"start":{"line":23,"column":4},"end":{"line":30,"column":5}},{"start":{},"end":{}}]},"4":{"loc":{"start":{"line":26,"column":8},"end":{"line":28,"column":9}},"type":"if","locations":[{"start":{"line":26,"column":8},"end":{"line":28,"column":9}},{"start":{},"end":{}}]},"5":{"loc":{"start":{"line":38,"column":4},"end":{"line":41,"column":5}},"type":"if","locations":[{"start":{"line":38,"column":4},"end":{"line":41,"column":5}},{"start":{},"end":{}}]},"6":{"loc":{"start":{"line":40,"column":15},"end":{"line":40,"column":82}},"type":"cond-expr","locations":[{"start":{"line":40,"column":33},"end":{"line":40,"column":39}},{"start":{"line":40,"column":42},"end":{"line":40,"column":82}}]},"7":{"loc":{"start":{"line":48,"column":11},"end":{"line":48,"column":78}},"type":"cond-expr","locations":[{"start":{"line":48,"column":29},"end":{"line":48,"column":35}},{"start":{"line":48,"column":38},"end":{"line":48,"column":78}}]}},"s":{"0":0,"1":0,"2":0,"3":0,"4":0,"5":0,"6":0,"7":0,"8":0,"9":0,"10":0,"11":0,"12":0,"13":0,"14":0,"15":0,"16":0,"17":0,"18":0,"19":0,"20":0,"21":0,"22":0},"f":{"0":0},"b":{"0":[0,0],"1":[0,0],"2":[0,0],"3":[0,0],"4":[0,0],"5":[0,0],"6":[0,0],"7":[0,0]}}
,"D:\\IIT\\stringzy\\src\\transformations\\numberToText\\implementation_PL.ts": {"path":"D:\\IIT\\stringzy\\src\\transformations\\numberToText\\implementation_PL.ts","statementMap":{"0":{"start":{"line":1,"column":0},"end":{"line":1,"column":35}},"1":{"start":{"line":2,"column":0},"end":{"line":2,"column":58}},"2":{"start":{"line":13,"column":4},"end":{"line":15,"column":5}},"3":{"start":{"line":14,"column":8},"end":{"line":14,"column":56}},"4":{"start":{"line":18,"column":4},"end":{"line":20,"column":5}},"5":{"start":{"line":19,"column":8},"end":{"line":19,"column":31}},"6":{"start":{"line":23,"column":4},"end":{"line":30,"column":5}},"7":{"start":{"line":24,"column":21},"end":{"line":24,"column":46}},"8":{"start":{"line":25,"column":21},"end":{"line":25,"column":29}},"9":{"start":{"line":26,"column":8},"end":{"line":28,"column":9}},"10":{"start":{"line":27,"column":12},"end":{"line":27,"column":36}},"11":{"start":{"line":29,"column":8},"end":{"line":29,"column":57}},"12":{"start":{"line":33,"column":22},"end":{"line":33,"column":46}},"13":{"start":{"line":34,"column":21},"end":{"line":34,"column":48}},"14":{"start":{"line":35,"column":22},"end":{"line":35,"column":37}},"15":{"start":{"line":38,"column":4},"end":{"line":42,"column":5}},"16":{"start":{"line":39,"column":29},"end":{"line":39,"column":43}},"17":{"start":{"line":40,"column":23},"end":{"line":40,"column":47}},"18":{"start":{"line":41,"column":8},"end":{"line":41,"column":83}},"19":{"start":{"line":45,"column":17},"end":{"line":45,"column":19}},"20":{"start":{"line":46,"column":4},"end":{"line":48,"column":5}},"21":{"start":{"line":47,"column":8},"end":{"line":47,"column":48}},"22":{"start":{"line":50,"column":26},"end":{"line":50,"column":71}},"23":{"start":{"line":51,"column":19},"end":{"line":51,"column":53}},"24":{"start":{"line":53,"column":4},"end":{"line":53,"column":79}},"25":{"start":{"line":61,"column":60},"end":{"line":66,"column":6}},"26":{"start":{"line":68,"column":22},"end":{"line":68,"column":38}},"27":{"start":{"line":69,"column":4},"end":{"line":71,"column":5}},"28":{"start":{"line":70,"column":8},"end":{"line":70,"column":83}},"29":{"start":{"line":73,"column":26},"end":{"line":73,"column":37}},"30":{"start":{"line":74,"column":22},"end":{"line":74,"column":32}},"31":{"start":{"line":76,"column":4},"end":{"line":78,"column":5}},"32":{"start":{"line":77,"column":8},"end":{"line":77,"column":28}},"33":{"start":{"line":80,"column":4},"end":{"line":86,"column":5}},"34":{"start":{"line":81,"column":8},"end":{"line":81,"column":28}},"35":{"start":{"line":82,"column":11},"end":{"line":86,"column":5}},"36":{"start":{"line":83,"column":8},"end":{"line":83,"column":28}},"37":{"start":{"line":85,"column":8},"end":{"line":85,"column":28}},"38":{"start":{"line":89,"column":0},"end":{"line":89,"column":31}}},"fnMap":{"0":{"name":"numberToTextPl","decl":{"start":{"line":12,"column":9},"end":{"line":12,"column":23}},"loc":{"start":{"line":12,"column":35},"end":{"line":54,"column":1}}},"1":{"name":"getPolishGrammaticalForm","decl":{"start":{"line":60,"column":9},"end":{"line":60,"column":33}},"loc":{"start":{"line":60,"column":66},"end":{"line":87,"column":1}}}},"branchMap":{"0":{"loc":{"start":{"line":13,"column":4},"end":{"line":15,"column":5}},"type":"if","locations":[{"start":{"line":13,"column":4},"end":{"line":15,"column":5}},{"start":{},"end":{}}]},"1":{"loc":{"start":{"line":18,"column":4},"end":{"line":20,"column":5}},"type":"if","locations":[{"start":{"line":18,"column":4},"end":{"line":20,"column":5}},{"start":{},"end":{}}]},"2":{"loc":{"start":{"line":18,"column":8},"end":{"line":18,"column":36}},"type":"binary-expr","locations":[{"start":{"line":18,"column":8},"end":{"line":18,"column":17}},{"start":{"line":18,"column":21},"end":{"line":18,"column":36}}]},"3":{"loc":{"start":{"line":23,"column":4},"end":{"line":30,"column":5}},"type":"if","locations":[{"start":{"line":23,"column":4},"end":{"line":30,"column":5}},{"start":{},"end":{}}]},"4":{"loc":{"start":{"line":26,"column":8},"end":{"line":28,"column":9}},"type":"if","locations":[{"start":{"line":26,"column":8},"end":{"line":28,"column":9}},{"start":{},"end":{}}]},"5":{"loc":{"start":{"line":38,"column":4},"end":{"line":42,"column":5}},"type":"if","locations":[{"start":{"line":38,"column":4},"end":{"line":42,"column":5}},{"start":{},"end":{}}]},"6":{"loc":{"start":{"line":41,"column":15},"end":{"line":41,"column":82}},"type":"cond-expr","locations":[{"start":{"line":41,"column":33},"end":{"line":41,"column":39}},{"start":{"line":41,"column":42},"end":{"line":41,"column":82}}]},"7":{"loc":{"start":{"line":46,"column":4},"end":{"line":48,"column":5}},"type":"if","locations":[{"start":{"line":46,"column":4},"end":{"line":48,"column":5}},{"start":{},"end":{}}]},"8":{"loc":{"start":{"line":53,"column":11},"end":{"line":53,"column":78}},"type":"cond-expr","locations":[{"start":{"line":53,"column":29},"end":{"line":53,"column":35}},{"start":{"line":53,"column":38},"end":{"line":53,"column":78}}]},"9":{"loc":{"start":{"line":69,"column":4},"end":{"line":71,"column":5}},"type":"if","locations":[{"start":{"line":69,"column":4},"end":{"line":71,"column":5}},{"start":{},"end":{}}]},"10":{"loc":{"start":{"line":76,"column":4},"end":{"line":78,"column":5}},"type":"if","locations":[{"start":{"line":76,"column":4},"end":{"line":78,"column":5}},{"start":{},"end":{}}]},"11":{"loc":{"start":{"line":76,"column":8},"end":{"line":76,"column":50}},"type":"binary-expr","locations":[{"start":{"line":76,"column":8},"end":{"line":76,"column":27}},{"start":{"line":76,"column":31},"end":{"line":76,"column":50}}]},"12":{"loc":{"start":{"line":80,"column":4},"end":{"line":86,"column":5}},"type":"if","locations":[{"start":{"line":80,"column":4},"end":{"line":86,"column":5}},{"start":{"line":82,"column":11},"end":{"line":86,"column":5}}]},"13":{"loc":{"start":{"line":82,"column":11},"end":{"line":86,"column":5}},"type":"if","locations":[{"start":{"line":82,"column":11},"end":{"line":86,"column":5}},{"start":{"line":84,"column":11},"end":{"line":86,"column":5}}]},"14":{"loc":{"start":{"line":82,"column":15},"end":{"line":82,"column":47}},"type":"binary-expr","locations":[{"start":{"line":82,"column":15},"end":{"line":82,"column":29}},{"start":{"line":82,"column":33},"end":{"line":82,"column":47}}]}},"s":{"0":0,"1":0,"2":0,"3":0,"4":0,"5":0,"6":0,"7":0,"8":0,"9":0,"10":0,"11":0,"12":0,"13":0,"14":0,"15":0,"16":0,"17":0,"18":0,"19":0,"20":0,"21":0,"22":0,"23":0,"24":0,"25":0,"26":0,"27":0,"28":0,"29":0,"30":0,"31":0,"32":0,"33":0,"34":0,"35":0,"36":0,"37":0,"38":0},"f":{"0":0,"1":0},"b":{"0":[0,0],"1":[0,0],"2":[0,0],"3":[0,0],"4":[0,0],"5":[0,0],"6":[0,0],"7":[0,0],"8":[0,0],"9":[0,0],"10":[0,0],"11":[0,0],"12":[0,0],"13":[0,0],"14":[0,0]}}
,"D:\\IIT\\stringzy\\src\\transformations\\numberToText\\main.ts": {"path":"D:\\IIT\\stringzy\\src\\transformations\\numberToText\\main.ts","statementMap":{"0":{"start":{"line":22,"column":0},"end":{"line":22,"column":16}},"1":{"start":{"line":2,"column":0},"end":{"line":2,"column":49}},"2":{"start":{"line":3,"column":0},"end":{"line":3,"column":49}},"3":{"start":{"line":23,"column":4},"end":{"line":23,"column":24}},"4":{"start":{"line":24,"column":4},"end":{"line":24,"column":27}},"5":{"start":{"line":26,"column":75},"end":{"line":29,"column":6}},"6":{"start":{"line":31,"column":4},"end":{"line":33,"column":5}},"7":{"start":{"line":32,"column":8},"end":{"line":32,"column":52}},"8":{"start":{"line":34,"column":4},"end":{"line":34,"column":30}},"9":{"start":{"line":49,"column":4},"end":{"line":51,"column":5}},"10":{"start":{"line":50,"column":8},"end":{"line":50,"column":58}},"11":{"start":{"line":53,"column":4},"end":{"line":55,"column":5}},"12":{"start":{"line":54,"column":8},"end":{"line":54,"column":96}},"13":{"start":{"line":65,"column":51},"end":{"line":65,"column":63}},"14":{"start":{"line":66,"column":4},"end":{"line":68,"column":5}},"15":{"start":{"line":67,"column":8},"end":{"line":67,"column":85}}},"fnMap":{"0":{"name":"numberToText","decl":{"start":{"line":22,"column":16},"end":{"line":22,"column":28}},"loc":{"start":{"line":22,"column":75},"end":{"line":35,"column":1}}},"1":{"name":"validateNumber","decl":{"start":{"line":48,"column":9},"end":{"line":48,"column":23}},"loc":{"start":{"line":48,"column":36},"end":{"line":56,"column":1}}},"2":{"name":"validateLanguage","decl":{"start":{"line":64,"column":9},"end":{"line":64,"column":25}},"loc":{"start":{"line":64,"column":39},"end":{"line":69,"column":1}}}},"branchMap":{"0":{"loc":{"start":{"line":22,"column":42},"end":{"line":22,"column":75}},"type":"default-arg","locations":[{"start":{"line":22,"column":71},"end":{"line":22,"column":75}}]},"1":{"loc":{"start":{"line":31,"column":4},"end":{"line":33,"column":5}},"type":"if","locations":[{"start":{"line":31,"column":4},"end":{"line":33,"column":5}},{"start":{},"end":{}}]},"2":{"loc":{"start":{"line":49,"column":4},"end":{"line":51,"column":5}},"type":"if","locations":[{"start":{"line":49,"column":4},"end":{"line":51,"column":5}},{"start":{},"end":{}}]},"3":{"loc":{"start":{"line":49,"column":8},"end":{"line":49,"column":71}},"type":"binary-expr","locations":[{"start":{"line":49,"column":8},"end":{"line":49,"column":31}},{"start":{"line":49,"column":35},"end":{"line":49,"column":57}},{"start":{"line":49,"column":61},"end":{"line":49,"column":71}}]},"4":{"loc":{"start":{"line":53,"column":4},"end":{"line":55,"column":5}},"type":"if","locations":[{"start":{"line":53,"column":4},"end":{"line":55,"column":5}},{"start":{},"end":{}}]},"5":{"loc":{"start":{"line":53,"column":8},"end":{"line":53,"column":59}},"type":"binary-expr","locations":[{"start":{"line":53,"column":8},"end":{"line":53,"column":32}},{"start":{"line":53,"column":36},"end":{"line":53,"column":59}}]},"6":{"loc":{"start":{"line":66,"column":4},"end":{"line":68,"column":5}},"type":"if","locations":[{"start":{"line":66,"column":4},"end":{"line":68,"column":5}},{"start":{},"end":{}}]}},"s":{"0":0,"1":0,"2":0,"3":0,"4":0,"5":0,"6":0,"7":0,"8":0,"9":0,"10":0,"11":0,"12":0,"13":0,"14":0,"15":0},"f":{"0":0,"1":0,"2":0},"b":{"0":[0],"1":[0,0],"2":[0,0],"3":[0,0,0],"4":[0,0],"5":[0,0],"6":[0,0]}}
,"D:\\IIT\\stringzy\\src\\transformations\\numberToText\\types.ts": {"path":"D:\\IIT\\stringzy\\src\\transformations\\numberToText\\types.ts","statementMap":{"0":{"start":{"line":12,"column":13},"end":{"line":45,"column":2}},"1":{"start":{"line":47,"column":13},"end":{"line":85,"column":2}}},"fnMap":{},"branchMap":{},"s":{"0":0,"1":0},"f":{},"b":{}}
,"D:\\IIT\\stringzy\\src\\validations\\index.ts": {"path":"D:\\IIT\\stringzy\\src\\validations\\index.ts","statementMap":{"0":{"start":{"line":1,"column":0},"end":{"line":1,"column":9}},"1":{"start":{"line":1,"column":9},"end":{"line":1,"column":48}},"2":{"start":{"line":2,"column":0},"end":{"line":2,"column":9}},"3":{"start":{"line":2,"column":9},"end":{"line":2,"column":34}},"4":{"start":{"line":3,"column":0},"end":{"line":3,"column":9}},"5":{"start":{"line":3,"column":9},"end":{"line":3,"column":36}},"6":{"start":{"line":4,"column":0},"end":{"line":4,"column":9}},"7":{"start":{"line":4,"column":9},"end":{"line":4,"column":36}},"8":{"start":{"line":5,"column":0},"end":{"line":5,"column":9}},"9":{"start":{"line":5,"column":9},"end":{"line":5,"column":34}},"10":{"start":{"line":6,"column":0},"end":{"line":6,"column":9}},"11":{"start":{"line":6,"column":9},"end":{"line":6,"column":32}},"12":{"start":{"line":7,"column":0},"end":{"line":7,"column":9}},"13":{"start":{"line":7,"column":9},"end":{"line":7,"column":34}},"14":{"start":{"line":8,"column":0},"end":{"line":8,"column":9}},"15":{"start":{"line":8,"column":9},"end":{"line":8,"column":42}},"16":{"start":{"line":9,"column":0},"end":{"line":9,"column":9}},"17":{"start":{"line":9,"column":9},"end":{"line":9,"column":45}},"18":{"start":{"line":11,"column":0},"end":{"line":11,"column":48}},"19":{"start":{"line":12,"column":0},"end":{"line":12,"column":34}},"20":{"start":{"line":13,"column":0},"end":{"line":13,"column":36}},"21":{"start":{"line":14,"column":0},"end":{"line":14,"column":36}},"22":{"start":{"line":15,"column":0},"end":{"line":15,"column":34}},"23":{"start":{"line":16,"column":0},"end":{"line":16,"column":32}},"24":{"start":{"line":17,"column":0},"end":{"line":17,"column":34}},"25":{"start":{"line":18,"column":0},"end":{"line":18,"column":42}},"26":{"start":{"line":19,"column":0},"end":{"line":19,"column":46}},"27":{"start":{"line":21,"column":13},"end":{"line":31,"column":2}}},"fnMap":{"0":{"name":"(anonymous_0)","decl":{"start":{"line":1,"column":9},"end":{"line":1,"column":22}},"loc":{"start":{"line":1,"column":9},"end":{"line":1,"column":48}}},"1":{"name":"(anonymous_1)","decl":{"start":{"line":2,"column":9},"end":{"line":2,"column":15}},"loc":{"start":{"line":2,"column":9},"end":{"line":2,"column":34}}},"2":{"name":"(anonymous_2)","decl":{"start":{"line":3,"column":9},"end":{"line":3,"column":16}},"loc":{"start":{"line":3,"column":9},"end":{"line":3,"column":36}}},"3":{"name":"(anonymous_3)","decl":{"start":{"line":4,"column":9},"end":{"line":4,"column":16}},"loc":{"start":{"line":4,"column":9},"end":{"line":4,"column":36}}},"4":{"name":"(anonymous_4)","decl":{"start":{"line":5,"column":9},"end":{"line":5,"column":15}},"loc":{"start":{"line":5,"column":9},"end":{"line":5,"column":34}}},"5":{"name":"(anonymous_5)","decl":{"start":{"line":6,"column":9},"end":{"line":6,"column":14}},"loc":{"start":{"line":6,"column":9},"end":{"line":6,"column":32}}},"6":{"name":"(anonymous_6)","decl":{"start":{"line":7,"column":9},"end":{"line":7,"column":15}},"loc":{"start":{"line":7,"column":9},"end":{"line":7,"column":34}}},"7":{"name":"(anonymous_7)","decl":{"start":{"line":8,"column":9},"end":{"line":8,"column":19}},"loc":{"start":{"line":8,"column":9},"end":{"line":8,"column":42}}},"8":{"name":"(anonymous_8)","decl":{"start":{"line":9,"column":9},"end":{"line":9,"column":21}},"loc":{"start":{"line":9,"column":9},"end":{"line":9,"column":45}}}},"branchMap":{},"s":{"0":0,"1":0,"2":0,"3":0,"4":0,"5":0,"6":0,"7":0,"8":0,"9":0,"10":0,"11":0,"12":0,"13":0,"14":0,"15":0,"16":0,"17":0,"18":0,"19":0,"20":0,"21":0,"22":0,"23":0,"24":0,"25":0,"26":0,"27":0},"f":{"0":0,"1":0,"2":0,"3":0,"4":0,"5":0,"6":0,"7":0,"8":0},"b":{}}
,"D:\\IIT\\stringzy\\src\\validations\\isCoordinates.ts": {"path":"D:\\IIT\\stringzy\\src\\validations\\isCoordinates.ts","statementMap":{"0":{"start":{"line":9,"column":0},"end":{"line":9,"column":16}},"1":{"start":{"line":10,"column":2},"end":{"line":10,"column":46}},"2":{"start":{"line":14,"column":2},"end":{"line":14,"column":53}},"3":{"start":{"line":18,"column":2},"end":{"line":18,"column":54}}},"fnMap":{"0":{"name":"isCoordinates","decl":{"start":{"line":9,"column":16},"end":{"line":9,"column":29}},"loc":{"start":{"line":9,"column":55},"end":{"line":11,"column":1}}},"1":{"name":"isLatitude","decl":{"start":{"line":13,"column":9},"end":{"line":13,"column":19}},"loc":{"start":{"line":13,"column":31},"end":{"line":15,"column":1}}},"2":{"name":"isLongitude","decl":{"start":{"line":17,"column":9},"end":{"line":17,"column":20}},"loc":{"start":{"line":17,"column":32},"end":{"line":19,"column":1}}}},"branchMap":{"0":{"loc":{"start":{"line":10,"column":9},"end":{"line":10,"column":45}},"type":"binary-expr","locations":[{"start":{"line":10,"column":9},"end":{"line":10,"column":24}},{"start":{"line":10,"column":28},"end":{"line":10,"column":45}}]},"1":{"loc":{"start":{"line":14,"column":9},"end":{"line":14,"column":52}},"type":"binary-expr","locations":[{"start":{"line":14,"column":9},"end":{"line":14,"column":29}},{"start":{"line":14,"column":33},"end":{"line":14,"column":52}}]},"2":{"loc":{"start":{"line":18,"column":9},"end":{"line":18,"column":53}},"type":"binary-expr","locations":[{"start":{"line":18,"column":9},"end":{"line":18,"column":29}},{"start":{"line":18,"column":33},"end":{"line":18,"column":53}}]}},"s":{"0":0,"1":0,"2":0,"3":0},"f":{"0":0,"1":0,"2":0},"b":{"0":[0,0],"1":[0,0],"2":[0,0]}}
,"D:\\IIT\\stringzy\\src\\validations\\isDate.ts": {"path":"D:\\IIT\\stringzy\\src\\validations\\isDate.ts","statementMap":{"0":{"start":{"line":19,"column":0},"end":{"line":19,"column":16}},"1":{"start":{"line":1,"column":0},"end":{"line":1,"column":null}},"2":{"start":{"line":2,"column":2},"end":{"line":2,"column":null}},"3":{"start":{"line":3,"column":2},"end":{"line":3,"column":null}},"4":{"start":{"line":4,"column":2},"end":{"line":4,"column":null}},"5":{"start":{"line":7,"column":25},"end":{"line":7,"column":49}},"6":{"start":{"line":24,"column":2},"end":{"line":24,"column":46}},"7":{"start":{"line":24,"column":33},"end":{"line":24,"column":46}},"8":{"start":{"line":25,"column":2},"end":{"line":25,"column":40}},"9":{"start":{"line":25,"column":27},"end":{"line":25,"column":40}},"10":{"start":{"line":27,"column":2},"end":{"line":27,"column":63}},"11":{"start":{"line":27,"column":50},"end":{"line":27,"column":63}},"12":{"start":{"line":29,"column":18},"end":{"line":48,"column":4}},"13":{"start":{"line":50,"column":23},"end":{"line":50,"column":63}},"14":{"start":{"line":50,"column":43},"end":{"line":50,"column":62}},"15":{"start":{"line":51,"column":16},"end":{"line":51,"column":50}},"16":{"start":{"line":52,"column":44},"end":{"line":52,"column":46}},"17":{"start":{"line":53,"column":2},"end":{"line":55,"column":5}},"18":{"start":{"line":54,"column":4},"end":{"line":54,"column":28}},"19":{"start":{"line":57,"column":22},"end":{"line":57,"column":31}},"20":{"start":{"line":59,"column":20},"end":{"line":59,"column":41}},"21":{"start":{"line":60,"column":2},"end":{"line":60,"column":60}},"22":{"start":{"line":60,"column":47},"end":{"line":60,"column":60}},"23":{"start":{"line":63,"column":4},"end":{"line":63,"column":96}},"24":{"start":{"line":65,"column":2},"end":{"line":65,"column":17}}},"fnMap":{"0":{"name":"(anonymous_0)","decl":{"start":{"line":1,"column":0},"end":{"line":1,"column":12}},"loc":{"start":{"line":1,"column":23},"end":{"line":5,"column":1}}},"1":{"name":"isDate","decl":{"start":{"line":19,"column":16},"end":{"line":19,"column":22}},"loc":{"start":{"line":22,"column":34},"end":{"line":66,"column":1}}},"2":{"name":"(anonymous_2)","decl":{"start":{"line":50,"column":36},"end":{"line":50,"column":37}},"loc":{"start":{"line":50,"column":43},"end":{"line":50,"column":62}}},"3":{"name":"(anonymous_3)","decl":{"start":{"line":53,"column":30},"end":{"line":53,"column":31}},"loc":{"start":{"line":53,"column":39},"end":{"line":55,"column":3}}}},"branchMap":{"0":{"loc":{"start":{"line":1,"column":12},"end":{"line":1,"column":null}},"type":"binary-expr","locations":[{"start":{"line":1,"column":12},"end":{"line":1,"column":23}},{"start":{"line":1,"column":23},"end":{"line":1,"column":null}}]},"1":{"loc":{"start":{"line":22,"column":2},"end":{"line":22,"column":34}},"type":"default-arg","locations":[{"start":{"line":22,"column":31},"end":{"line":22,"column":34}}]},"2":{"loc":{"start":{"line":24,"column":2},"end":{"line":24,"column":46}},"type":"if","locations":[{"start":{"line":24,"column":2},"end":{"line":24,"column":46}},{"start":{},"end":{}}]},"3":{"loc":{"start":{"line":25,"column":2},"end":{"line":25,"column":40}},"type":"if","locations":[{"start":{"line":25,"column":2},"end":{"line":25,"column":40}},{"start":{},"end":{}}]},"4":{"loc":{"start":{"line":27,"column":2},"end":{"line":27,"column":63}},"type":"if","locations":[{"start":{"line":27,"column":2},"end":{"line":27,"column":63}},{"start":{},"end":{}}]},"5":{"loc":{"start":{"line":60,"column":2},"end":{"line":60,"column":60}},"type":"if","locations":[{"start":{"line":60,"column":2},"end":{"line":60,"column":60}},{"start":{},"end":{}}]},"6":{"loc":{"start":{"line":63,"column":4},"end":{"line":63,"column":96}},"type":"binary-expr","locations":[{"start":{"line":63,"column":4},"end":{"line":63,"column":33}},{"start":{"line":63,"column":37},"end":{"line":63,"column":67}},{"start":{"line":63,"column":71},"end":{"line":63,"column":96}}]}},"s":{"0":0,"1":0,"2":0,"3":0,"4":0,"5":0,"6":0,"7":0,"8":0,"9":0,"10":0,"11":0,"12":0,"13":0,"14":0,"15":0,"16":0,"17":0,"18":0,"19":0,"20":0,"21":0,"22":0,"23":0,"24":0},"f":{"0":0,"1":0,"2":0,"3":0},"b":{"0":[0,0],"1":[0],"2":[0,0],"3":[0,0],"4":[0,0],"5":[0,0],"6":[0,0,0]}}
,"D:\\IIT\\stringzy\\src\\validations\\isEmail.ts": {"path":"D:\\IIT\\stringzy\\src\\validations\\isEmail.ts","statementMap":{"0":{"start":{"line":12,"column":0},"end":{"line":12,"column":16}},"1":{"start":{"line":14,"column":4},"end":{"line":14,"column":1217}},"2":{"start":{"line":16,"column":2},"end":{"line":16,"column":30}}},"fnMap":{"0":{"name":"isEmail","decl":{"start":{"line":12,"column":16},"end":{"line":12,"column":23}},"loc":{"start":{"line":12,"column":35},"end":{"line":17,"column":1}}}},"branchMap":{},"s":{"0":0,"1":0,"2":0},"f":{"0":0},"b":{}}
,"D:\\IIT\\stringzy\\src\\validations\\isEmpty.ts": {"path":"D:\\IIT\\stringzy\\src\\validations\\isEmpty.ts","statementMap":{"0":{"start":{"line":11,"column":0},"end":{"line":11,"column":16}},"1":{"start":{"line":12,"column":2},"end":{"line":12,"column":33}}},"fnMap":{"0":{"name":"isEmpty","decl":{"start":{"line":11,"column":16},"end":{"line":11,"column":23}},"loc":{"start":{"line":11,"column":35},"end":{"line":13,"column":1}}}},"branchMap":{},"s":{"0":1,"1":3},"f":{"0":3},"b":{}}
,"D:\\IIT\\stringzy\\src\\validations\\isHexColor.ts": {"path":"D:\\IIT\\stringzy\\src\\validations\\isHexColor.ts","statementMap":{"0":{"start":{"line":7,"column":0},"end":{"line":7,"column":16}},"1":{"start":{"line":8,"column":2},"end":{"line":10,"column":3}},"2":{"start":{"line":9,"column":4},"end":{"line":9,"column":17}},"3":{"start":{"line":11,"column":2},"end":{"line":11,"column":65}}},"fnMap":{"0":{"name":"isHexColor","decl":{"start":{"line":7,"column":16},"end":{"line":7,"column":26}},"loc":{"start":{"line":7,"column":39},"end":{"line":12,"column":1}}}},"branchMap":{"0":{"loc":{"start":{"line":8,"column":2},"end":{"line":10,"column":3}},"type":"if","locations":[{"start":{"line":8,"column":2},"end":{"line":10,"column":3}},{"start":{},"end":{}}]},"1":{"loc":{"start":{"line":8,"column":6},"end":{"line":8,"column":51}},"type":"binary-expr","locations":[{"start":{"line":8,"column":6},"end":{"line":8,"column":30}},{"start":{"line":8,"column":34},"end":{"line":8,"column":51}}]}},"s":{"0":0,"1":0,"2":0,"3":0},"f":{"0":0},"b":{"0":[0,0],"1":[0,0]}}
,"D:\\IIT\\stringzy\\src\\validations\\isIPv4.ts": {"path":"D:\\IIT\\stringzy\\src\\validations\\isIPv4.ts","statementMap":{"0":{"start":{"line":22,"column":0},"end":{"line":22,"column":16}},"1":{"start":{"line":23,"column":16},"end":{"line":23,"column":30}},"2":{"start":{"line":24,"column":2},"end":{"line":24,"column":39}},"3":{"start":{"line":24,"column":26},"end":{"line":24,"column":39}},"4":{"start":{"line":26,"column":2},"end":{"line":29,"column":5}},"5":{"start":{"line":27,"column":16},"end":{"line":27,"column":34}},"6":{"start":{"line":28,"column":4},"end":{"line":28,"column":76}}},"fnMap":{"0":{"name":"isIPv4","decl":{"start":{"line":22,"column":16},"end":{"line":22,"column":22}},"loc":{"start":{"line":22,"column":34},"end":{"line":30,"column":1}}},"1":{"name":"(anonymous_1)","decl":{"start":{"line":26,"column":21},"end":{"line":26,"column":22}},"loc":{"start":{"line":26,"column":30},"end":{"line":29,"column":3}}}},"branchMap":{"0":{"loc":{"start":{"line":24,"column":2},"end":{"line":24,"column":39}},"type":"if","locations":[{"start":{"line":24,"column":2},"end":{"line":24,"column":39}},{"start":{},"end":{}}]},"1":{"loc":{"start":{"line":28,"column":11},"end":{"line":28,"column":75}},"type":"binary-expr","locations":[{"start":{"line":28,"column":11},"end":{"line":28,"column":22}},{"start":{"line":28,"column":26},"end":{"line":28,"column":34}},{"start":{"line":28,"column":38},"end":{"line":28,"column":48}},{"start":{"line":28,"column":52},"end":{"line":28,"column":75}}]}},"s":{"0":0,"1":0,"2":0,"3":0,"4":0,"5":0,"6":0},"f":{"0":0,"1":0},"b":{"0":[0,0],"1":[0,0,0,0]}}
,"D:\\IIT\\stringzy\\src\\validations\\isPalindrome.ts": {"path":"D:\\IIT\\stringzy\\src\\validations\\isPalindrome.ts","statementMap":{"0":{"start":{"line":10,"column":0},"end":{"line":10,"column":16}},"1":{"start":{"line":11,"column":1},"end":{"line":13,"column":2}},"2":{"start":{"line":12,"column":3},"end":{"line":12,"column":49}},"3":{"start":{"line":15,"column":19},"end":{"line":17,"column":30}},"4":{"start":{"line":19,"column":1},"end":{"line":19,"column":61}}},"fnMap":{"0":{"name":"isPalindrome","decl":{"start":{"line":10,"column":16},"end":{"line":10,"column":28}},"loc":{"start":{"line":10,"column":40},"end":{"line":20,"column":3}}}},"branchMap":{"0":{"loc":{"start":{"line":11,"column":1},"end":{"line":13,"column":2}},"type":"if","locations":[{"start":{"line":11,"column":1},"end":{"line":13,"column":2}},{"start":{},"end":{}}]}},"s":{"0":0,"1":0,"2":0,"3":0,"4":0},"f":{"0":0},"b":{"0":[0,0]}}
,"D:\\IIT\\stringzy\\src\\validations\\isSlug.ts": {"path":"D:\\IIT\\stringzy\\src\\validations\\isSlug.ts","statementMap":{"0":{"start":{"line":28,"column":0},"end":{"line":28,"column":16}},"1":{"start":{"line":29,"column":2},"end":{"line":31,"column":3}},"2":{"start":{"line":30,"column":4},"end":{"line":30,"column":17}},"3":{"start":{"line":32,"column":20},"end":{"line":32,"column":46}},"4":{"start":{"line":33,"column":2},"end":{"line":33,"column":29}}},"fnMap":{"0":{"name":"isSlug","decl":{"start":{"line":28,"column":16},"end":{"line":28,"column":22}},"loc":{"start":{"line":28,"column":34},"end":{"line":34,"column":1}}}},"branchMap":{"0":{"loc":{"start":{"line":29,"column":2},"end":{"line":31,"column":3}},"type":"if","locations":[{"start":{"line":29,"column":2},"end":{"line":31,"column":3}},{"start":{},"end":{}}]},"1":{"loc":{"start":{"line":29,"column":6},"end":{"line":29,"column":49}},"type":"binary-expr","locations":[{"start":{"line":29,"column":6},"end":{"line":29,"column":29}},{"start":{"line":29,"column":33},"end":{"line":29,"column":49}}]}},"s":{"0":0,"1":0,"2":0,"3":0,"4":0},"f":{"0":0},"b":{"0":[0,0],"1":[0,0]}}
,"D:\\IIT\\stringzy\\src\\validations\\isTypeOf.ts": {"path":"D:\\IIT\\stringzy\\src\\validations\\isTypeOf.ts","statementMap":{"0":{"start":{"line":9,"column":0},"end":{"line":9,"column":16}},"1":{"start":{"line":10,"column":2},"end":{"line":10,"column":74}},"2":{"start":{"line":10,"column":61},"end":{"line":10,"column":74}},"3":{"start":{"line":14,"column":20},"end":{"line":14,"column":85}},"4":{"start":{"line":16,"column":2},"end":{"line":16,"column":31}},"5":{"start":{"line":16,"column":18},"end":{"line":16,"column":31}},"6":{"start":{"line":18,"column":47},"end":{"line":24,"column":4}},"7":{"start":{"line":26,"column":18},"end":{"line":26,"column":45}},"8":{"start":{"line":27,"column":2},"end":{"line":27,"column":55}}},"fnMap":{"0":{"name":"isTypeOf","decl":{"start":{"line":9,"column":16},"end":{"line":9,"column":24}},"loc":{"start":{"line":9,"column":52},"end":{"line":28,"column":1}}}},"branchMap":{"0":{"loc":{"start":{"line":10,"column":2},"end":{"line":10,"column":74}},"type":"if","locations":[{"start":{"line":10,"column":2},"end":{"line":10,"column":74}},{"start":{},"end":{}}]},"1":{"loc":{"start":{"line":10,"column":6},"end":{"line":10,"column":59}},"type":"binary-expr","locations":[{"start":{"line":10,"column":6},"end":{"line":10,"column":31}},{"start":{"line":10,"column":35},"end":{"line":10,"column":59}}]},"2":{"loc":{"start":{"line":16,"column":2},"end":{"line":16,"column":31}},"type":"if","locations":[{"start":{"line":16,"column":2},"end":{"line":16,"column":31}},{"start":{},"end":{}}]},"3":{"loc":{"start":{"line":27,"column":9},"end":{"line":27,"column":54}},"type":"cond-expr","locations":[{"start":{"line":27,"column":19},"end":{"line":27,"column":46}},{"start":{"line":27,"column":49},"end":{"line":27,"column":54}}]}},"s":{"0":0,"1":0,"2":0,"3":0,"4":0,"5":0,"6":0,"7":0,"8":0},"f":{"0":0},"b":{"0":[0,0],"1":[0,0],"2":[0,0],"3":[0,0]}}
,"D:\\IIT\\stringzy\\src\\validations\\isURL.ts": {"path":"D:\\IIT\\stringzy\\src\\validations\\isURL.ts","statementMap":{"0":{"start":{"line":22,"column":0},"end":{"line":22,"column":16}},"1":{"start":{"line":23,"column":2},"end":{"line":28,"column":3}},"2":{"start":{"line":24,"column":4},"end":{"line":24,"column":17}},"3":{"start":{"line":25,"column":4},"end":{"line":25,"column":16}},"4":{"start":{"line":27,"column":4},"end":{"line":27,"column":17}}},"fnMap":{"0":{"name":"isURL","decl":{"start":{"line":22,"column":16},"end":{"line":22,"column":21}},"loc":{"start":{"line":22,"column":33},"end":{"line":29,"column":1}}}},"branchMap":{},"s":{"0":0,"1":0,"2":0,"3":0,"4":0},"f":{"0":0},"b":{}}
}
