TN:
SF:src\index.ts
FNF:0
FNH:0
DA:1,0
DA:2,0
DA:3,0
DA:4,0
DA:6,0
DA:7,0
DA:8,0
DA:9,0
DA:11,0
LF:9
LH:0
BRF:0
BRH:0
end_of_record
TN:
SF:src\analyzing\characterCount.ts
FN:20,characterCount
FNF:1
FNH:0
FNDA:0,characterCount
DA:20,0
DA:21,0
DA:22,0
DA:25,0
LF:4
LH:0
BRDA:21,0,0,0
BRDA:21,0,1,0
BRF:2
BRH:0
end_of_record
TN:
SF:src\analyzing\characterFrequency.ts
FN:20,characterFrequency
FNF:1
FNH:0
FNDA:0,characterFrequency
DA:20,0
DA:21,0
DA:22,0
DA:25,0
DA:26,0
DA:27,0
DA:29,0
DA:33,0
LF:8
LH:0
BRDA:21,0,0,0
BRDA:21,0,1,0
BRDA:27,1,0,0
BRDA:27,1,1,0
BRDA:29,2,0,0
BRDA:29,2,1,0
BRF:6
BRH:0
end_of_record
TN:
SF:src\analyzing\complexity.ts
FN:40,complexity
FNF:1
FNH:0
FNDA:0,complexity
DA:40,0
DA:41,0
DA:43,0
DA:44,0
DA:47,0
DA:48,0
DA:49,0
DA:51,0
DA:52,0
DA:53,0
DA:54,0
DA:55,0
DA:58,0
DA:59,0
DA:60,0
LF:15
LH:0
BRDA:41,0,0,0
BRDA:41,0,1,0
BRDA:43,1,0,0
BRDA:43,1,1,0
BRDA:52,2,0,0
BRDA:52,2,1,0
BRDA:53,3,0,0
BRDA:53,3,1,0
BRDA:54,4,0,0
BRDA:54,4,1,0
BRDA:55,5,0,0
BRDA:55,5,1,0
BRF:12
BRH:0
end_of_record
TN:
SF:src\analyzing\index.ts
FN:1,(anonymous_0)
FN:2,(anonymous_1)
FN:3,(anonymous_2)
FN:4,(anonymous_3)
FN:5,(anonymous_4)
FN:6,(anonymous_5)
FN:7,(anonymous_6)
FNF:7
FNH:0
FNDA:0,(anonymous_0)
FNDA:0,(anonymous_1)
FNDA:0,(anonymous_2)
FNDA:0,(anonymous_3)
FNDA:0,(anonymous_4)
FNDA:0,(anonymous_5)
FNDA:0,(anonymous_6)
DA:1,0
DA:2,0
DA:3,0
DA:4,0
DA:5,0
DA:6,0
DA:7,0
DA:9,0
DA:10,0
DA:11,0
DA:12,0
DA:13,0
DA:14,0
DA:15,0
DA:17,0
LF:15
LH:0
BRF:0
BRH:0
end_of_record
TN:
SF:src\analyzing\patternCount.ts
FN:10,patternCount
FN:41,computePrefixFunction
FNF:2
FNH:0
FNDA:0,patternCount
FNDA:0,computePrefixFunction
DA:10,0
DA:11,0
DA:12,0
DA:15,0
DA:17,0
DA:18,0
DA:20,0
DA:21,0
DA:22,0
DA:24,0
DA:25,0
DA:27,0
DA:28,0
DA:29,0
DA:33,0
DA:42,0
DA:43,0
DA:44,0
DA:45,0
DA:46,0
DA:48,0
DA:49,0
DA:51,0
DA:53,0
LF:24
LH:0
BRDA:11,0,0,0
BRDA:11,0,1,0
BRDA:21,1,0,0
BRDA:21,1,1,0
BRDA:24,2,0,0
BRDA:24,2,1,0
BRDA:27,3,0,0
BRDA:27,3,1,0
BRDA:45,4,0,0
BRDA:45,4,1,0
BRDA:48,5,0,0
BRDA:48,5,1,0
BRF:12
BRH:0
end_of_record
TN:
SF:src\analyzing\readingDuration.ts
FN:12,readingDuration
FNF:1
FNH:0
FNDA:0,readingDuration
DA:1,0
DA:12,0
DA:13,0
DA:14,0
LF:4
LH:0
BRDA:12,0,0,0
BRF:1
BRH:0
end_of_record
TN:
SF:src\analyzing\stringSimilarity.ts
FN:8,stringSimilarity
FN:40,calculateSimilarityScore
FN:51,calculateLevenshteinDistance
FN:80,calculateDamerauLevenshteinDistance
FN:113,prepareDistanceMatrix
FN:114,(anonymous_5)
FN:138,applyBasicEditOperations
FN:163,isString
FN:174,validateParams
FNF:9
FNH:0
FNDA:0,stringSimilarity
FNDA:0,calculateSimilarityScore
FNDA:0,calculateLevenshteinDistance
FNDA:0,calculateDamerauLevenshteinDistance
FNDA:0,prepareDistanceMatrix
FNDA:0,(anonymous_5)
FNDA:0,applyBasicEditOperations
FNDA:0,isString
FNDA:0,validateParams
DA:8,0
DA:13,0
DA:15,0
DA:16,0
DA:19,0
DA:20,0
DA:24,0
DA:25,0
DA:27,0
DA:30,0
DA:41,0
DA:42,0
DA:52,0
DA:53,0
DA:55,0
DA:56,0
DA:59,0
DA:60,0
DA:63,0
DA:65,0
DA:66,0
DA:67,0
DA:71,0
DA:81,0
DA:82,0
DA:84,0
DA:85,0
DA:88,0
DA:89,0
DA:92,0
DA:94,0
DA:95,0
DA:96,0
DA:98,0
DA:99,0
DA:104,0
DA:114,0
DA:115,0
DA:118,0
DA:119,0
DA:122,0
DA:123,0
DA:126,0
DA:145,0
DA:147,0
DA:164,0
DA:179,0
DA:180,0
DA:183,0
DA:184,0
LF:50
LH:0
BRDA:11,0,0,0
BRDA:15,1,0,0
BRDA:15,1,1,0
BRDA:19,2,0,0
BRDA:19,2,1,0
BRDA:19,3,0,0
BRDA:19,3,1,0
BRDA:24,4,0,0
BRDA:24,4,1,0
BRDA:55,5,0,0
BRDA:55,5,1,0
BRDA:59,6,0,0
BRDA:59,6,1,0
BRDA:84,7,0,0
BRDA:84,7,1,0
BRDA:88,8,0,0
BRDA:88,8,1,0
BRDA:98,9,0,0
BRDA:98,9,1,0
BRDA:98,10,0,0
BRDA:98,10,1,0
BRDA:98,10,2,0
BRDA:98,10,3,0
BRDA:145,11,0,0
BRDA:145,11,1,0
BRDA:179,12,0,0
BRDA:179,12,1,0
BRDA:179,13,0,0
BRDA:179,13,1,0
BRDA:183,14,0,0
BRDA:183,14,1,0
BRDA:183,15,0,0
BRDA:183,15,1,0
BRF:33
BRH:0
end_of_record
TN:
SF:src\analyzing\wordCount.ts
FN:23,wordCount
FNF:1
FNH:0
FNDA:0,wordCount
DA:23,0
DA:24,0
DA:25,0
DA:28,0
DA:29,0
LF:5
LH:0
BRDA:24,0,0,0
BRDA:24,0,1,0
BRDA:28,1,0,0
BRDA:28,1,1,0
BRF:4
BRH:0
end_of_record
TN:
SF:src\formatting\capitalize.ts
FN:22,capitalize
FN:29,(anonymous_1)
FNF:2
FNH:0
FNDA:0,capitalize
FNDA:0,(anonymous_1)
DA:22,0
DA:23,0
DA:24,0
DA:27,0
DA:29,0
LF:5
LH:0
BRDA:23,0,0,0
BRDA:23,0,1,0
BRF:2
BRH:0
end_of_record
TN:
SF:src\formatting\index.ts
FN:1,(anonymous_0)
FN:2,(anonymous_1)
FN:3,(anonymous_2)
FNF:3
FNH:0
FNDA:0,(anonymous_0)
FNDA:0,(anonymous_1)
FNDA:0,(anonymous_2)
DA:1,0
DA:2,0
DA:3,0
DA:5,0
DA:6,0
DA:7,0
DA:9,0
LF:7
LH:0
BRF:0
BRH:0
end_of_record
TN:
SF:src\formatting\number.ts
FN:24,formatNumber
FNF:1
FNH:0
FNDA:0,formatNumber
DA:24,0
DA:25,0
DA:26,0
LF:3
LH:0
BRDA:24,0,0,0
BRF:1
BRH:0
end_of_record
TN:
SF:src\formatting\phone.ts
FN:26,formatPhone
FNF:1
FNH:0
FNDA:0,formatPhone
DA:26,0
DA:27,0
DA:29,0
DA:30,0
DA:31,0
DA:32,0
DA:33,0
DA:34,0
DA:35,0
DA:36,0
DA:37,0
DA:38,0
DA:39,0
DA:40,0
DA:41,0
DA:45,0
LF:16
LH:0
BRDA:26,0,0,0
BRDA:29,1,0,0
BRDA:29,1,1,0
BRDA:29,2,0,0
BRDA:29,2,1,0
BRDA:31,3,0,0
BRDA:31,3,1,0
BRDA:31,4,0,0
BRDA:31,4,1,0
BRDA:37,5,0,0
BRDA:37,5,1,0
BRDA:38,6,0,0
BRDA:38,6,1,0
BRDA:40,7,0,0
BRDA:40,7,1,0
BRDA:40,8,0,0
BRDA:40,8,1,0
BRF:17
BRH:0
end_of_record
TN:
SF:src\transformations\camelCase.ts
FN:25,camelCase
FN:33,(anonymous_1)
FN:34,(anonymous_2)
FNF:3
FNH:0
FNDA:0,camelCase
FNDA:0,(anonymous_1)
FNDA:0,(anonymous_2)
DA:25,0
DA:26,0
DA:27,0
DA:33,0
DA:34,0
LF:5
LH:0
BRDA:26,0,0,0
BRDA:26,0,1,0
BRF:2
BRH:0
end_of_record
TN:
SF:src\transformations\capitalizeWords.ts
FN:22,capitalizeWords
FN:26,(anonymous_1)
FNF:2
FNH:0
FNDA:0,capitalizeWords
FNDA:0,(anonymous_1)
DA:22,0
DA:23,0
DA:24,0
DA:26,0
LF:4
LH:0
BRDA:23,0,0,0
BRDA:23,0,1,0
BRF:2
BRH:0
end_of_record
TN:
SF:src\transformations\constantCase.ts
FN:27,constantCase
FNF:1
FNH:0
FNDA:0,constantCase
DA:27,0
DA:28,0
DA:29,0
LF:3
LH:0
BRDA:28,0,0,0
BRDA:28,0,1,0
BRF:2
BRH:0
end_of_record
TN:
SF:src\transformations\deburr.ts
FN:7,deburr
FNF:1
FNH:0
FNDA:0,deburr
DA:7,0
DA:8,0
DA:9,0
DA:13,0
LF:4
LH:0
BRDA:8,0,0,0
BRDA:8,0,1,0
BRF:2
BRH:0
end_of_record
TN:
SF:src\transformations\escapeHTML.ts
FN:24,escapeHtml
FN:33,(anonymous_1)
FNF:2
FNH:0
FNDA:0,escapeHtml
FNDA:0,(anonymous_1)
DA:24,0
DA:25,0
DA:33,0
LF:3
LH:0
BRF:0
BRH:0
end_of_record
TN:
SF:src\transformations\index.ts
FN:1,(anonymous_0)
FN:2,(anonymous_1)
FN:3,(anonymous_2)
FN:4,(anonymous_3)
FN:5,(anonymous_4)
FN:6,(anonymous_5)
FN:7,(anonymous_6)
FN:8,(anonymous_7)
FN:9,(anonymous_8)
FN:10,(anonymous_9)
FN:11,(anonymous_10)
FN:12,(anonymous_11)
FN:13,(anonymous_12)
FN:14,(anonymous_13)
FN:15,(anonymous_14)
FN:16,(anonymous_15)
FNF:16
FNH:0
FNDA:0,(anonymous_0)
FNDA:0,(anonymous_1)
FNDA:0,(anonymous_2)
FNDA:0,(anonymous_3)
FNDA:0,(anonymous_4)
FNDA:0,(anonymous_5)
FNDA:0,(anonymous_6)
FNDA:0,(anonymous_7)
FNDA:0,(anonymous_8)
FNDA:0,(anonymous_9)
FNDA:0,(anonymous_10)
FNDA:0,(anonymous_11)
FNDA:0,(anonymous_12)
FNDA:0,(anonymous_13)
FNDA:0,(anonymous_14)
FNDA:0,(anonymous_15)
DA:1,0
DA:2,0
DA:3,0
DA:4,0
DA:5,0
DA:6,0
DA:7,0
DA:8,0
DA:9,0
DA:10,0
DA:11,0
DA:12,0
DA:13,0
DA:14,0
DA:15,0
DA:16,0
DA:18,0
DA:19,0
DA:20,0
DA:21,0
DA:22,0
DA:23,0
DA:24,0
DA:25,0
DA:26,0
DA:27,0
DA:28,0
DA:29,0
DA:30,0
DA:31,0
DA:32,0
DA:33,0
DA:34,0
DA:36,0
LF:34
LH:0
BRF:0
BRH:0
end_of_record
TN:
SF:src\transformations\initials.ts
FN:28,initials
FN:41,(anonymous_1)
FN:43,(anonymous_2)
FNF:3
FNH:0
FNDA:0,initials
FNDA:0,(anonymous_1)
FNDA:0,(anonymous_2)
DA:28,0
DA:29,0
DA:30,0
DA:32,0
DA:33,0
DA:35,0
DA:36,0
DA:38,0
DA:41,0
DA:42,0
DA:43,0
DA:44,0
LF:12
LH:0
BRDA:29,0,0,0
BRDA:29,0,1,0
BRDA:32,1,0,0
BRDA:32,1,1,0
BRDA:32,2,0,0
BRDA:32,2,1,0
BRDA:32,2,2,0
BRDA:35,3,0,0
BRDA:35,3,1,0
BRDA:35,4,0,0
BRDA:35,4,1,0
BRDA:42,5,0,0
BRDA:42,5,1,0
BRDA:43,6,0,0
BRDA:43,6,1,0
BRF:15
BRH:0
end_of_record
TN:
SF:src\transformations\kebabCase.ts
FN:27,kebabCase
FNF:1
FNH:0
FNDA:0,kebabCase
DA:27,0
DA:28,0
DA:29,0
LF:3
LH:0
BRDA:28,0,0,0
BRDA:28,0,1,0
BRF:2
BRH:0
end_of_record
TN:
SF:src\transformations\maskSegment.ts
FN:10,maskSegment
FNF:1
FNH:0
FNDA:0,maskSegment
DA:10,0
DA:16,0
DA:17,0
DA:20,0
DA:21,0
DA:24,0
DA:25,0
DA:28,0
LF:8
LH:0
BRDA:12,0,0,0
BRDA:13,1,0,0
BRDA:14,2,0,0
BRDA:16,3,0,0
BRDA:16,3,1,0
BRDA:16,4,0,0
BRDA:16,4,1,0
BRDA:16,4,2,0
BRDA:20,5,0,0
BRDA:20,5,1,0
BRDA:24,6,0,0
BRDA:24,6,1,0
BRDA:24,7,0,0
BRDA:24,7,1,0
BRF:14
BRH:0
end_of_record
TN:
SF:src\transformations\pascalCase.ts
FN:26,pascalCase
FN:34,(anonymous_1)
FNF:2
FNH:0
FNDA:0,pascalCase
FNDA:0,(anonymous_1)
DA:26,0
DA:27,0
DA:28,0
DA:34,0
LF:4
LH:0
BRDA:27,0,0,0
BRDA:27,0,1,0
BRF:2
BRH:0
end_of_record
TN:
SF:src\transformations\removeDuplicates.ts
FN:22,removeDuplicates
FN:27,(anonymous_1)
FNF:2
FNH:0
FNDA:0,removeDuplicates
FNDA:0,(anonymous_1)
DA:22,0
DA:23,0
DA:24,0
DA:26,0
DA:27,0
DA:28,0
DA:30,0
LF:7
LH:0
BRDA:23,0,0,0
BRDA:23,0,1,0
BRF:2
BRH:0
end_of_record
TN:
SF:src\transformations\removeSpecialChars.ts
FN:23,removeSpecialChars
FNF:1
FNH:0
FNDA:0,removeSpecialChars
DA:23,0
DA:24,0
DA:25,0
DA:27,0
DA:28,0
DA:30,0
LF:6
LH:0
BRDA:23,0,0,0
BRDA:24,1,0,0
BRDA:24,1,1,0
BRDA:27,2,0,0
BRDA:27,2,1,0
BRF:5
BRH:0
end_of_record
TN:
SF:src\transformations\removeWords.ts
FN:28,removeWords
FNF:1
FNH:0
FNDA:0,removeWords
DA:28,0
DA:29,0
DA:30,0
DA:32,0
DA:33,0
DA:35,0
DA:36,0
DA:38,0
DA:39,0
DA:41,0
DA:42,0
DA:44,0
DA:45,0
DA:46,0
LF:14
LH:0
BRDA:29,0,0,0
BRDA:29,0,1,0
BRDA:29,1,0,0
BRDA:29,1,1,0
BRDA:32,2,0,0
BRDA:32,2,1,0
BRDA:35,3,0,0
BRDA:35,3,1,0
BRDA:35,4,0,0
BRDA:35,4,1,0
BRDA:38,5,0,0
BRDA:38,5,1,0
BRDA:38,6,0,0
BRDA:38,6,1,0
BRDA:41,7,0,0
BRDA:41,7,1,0
BRDA:44,8,0,0
BRDA:44,8,1,0
BRF:18
BRH:0
end_of_record
TN:
SF:src\transformations\snakeCase.ts
FN:27,snakeCase
FNF:1
FNH:0
FNDA:0,snakeCase
DA:27,0
DA:28,0
DA:29,0
LF:3
LH:0
BRDA:28,0,0,0
BRDA:28,0,1,0
BRF:2
BRH:0
end_of_record
TN:
SF:src\transformations\splitChunks.ts
FN:8,splitChunks
FNF:1
FNH:0
FNDA:0,splitChunks
DA:8,0
DA:9,0
DA:10,0
DA:12,0
DA:13,0
DA:16,0
DA:17,0
DA:18,0
DA:19,0
DA:21,0
LF:10
LH:0
BRDA:8,0,0,0
BRDA:9,1,0,0
BRDA:9,1,1,0
BRDA:12,2,0,0
BRDA:12,2,1,0
BRDA:12,3,0,0
BRDA:12,3,1,0
BRDA:12,3,2,0
BRF:8
BRH:0
end_of_record
TN:
SF:src\transformations\titleCase.ts
FN:26,titleCase
FN:33,(anonymous_1)
FNF:2
FNH:0
FNDA:0,titleCase
FNDA:0,(anonymous_1)
DA:26,0
DA:27,0
DA:28,0
DA:33,0
LF:4
LH:0
BRDA:27,0,0,0
BRDA:27,0,1,0
BRF:2
BRH:0
end_of_record
TN:
SF:src\transformations\toSlug.ts
FN:25,toSlug
FNF:1
FNH:0
FNDA:0,toSlug
DA:25,0
DA:26,0
DA:27,0
DA:29,0
LF:4
LH:0
BRDA:26,0,0,0
BRDA:26,0,1,0
BRF:2
BRH:0
end_of_record
TN:
SF:src\transformations\truncateText.ts
FN:26,truncateText
FNF:1
FNH:0
FNDA:0,truncateText
DA:26,0
DA:27,0
DA:28,0
DA:30,0
DA:31,0
DA:33,0
DA:34,0
DA:37,0
DA:38,0
DA:41,0
DA:42,0
LF:11
LH:0
BRDA:26,0,0,0
BRDA:27,1,0,0
BRDA:27,1,1,0
BRDA:30,2,0,0
BRDA:30,2,1,0
BRDA:30,3,0,0
BRDA:30,3,1,0
BRDA:33,4,0,0
BRDA:33,4,1,0
BRDA:37,5,0,0
BRDA:37,5,1,0
BRDA:42,6,0,0
BRDA:42,6,1,0
BRF:13
BRH:0
end_of_record
TN:
SF:src\transformations\numberToText\helpers.ts
FN:4,isNegative
FN:13,getOrderOfMagnitude
FNF:2
FNH:0
FNDA:0,isNegative
FNDA:0,getOrderOfMagnitude
DA:4,0
DA:5,0
DA:13,0
DA:14,0
DA:15,0
DA:16,0
DA:17,0
DA:18,0
DA:19,0
DA:20,0
DA:21,0
LF:11
LH:0
BRDA:15,0,0,0
BRDA:15,0,1,0
BRDA:16,1,0,0
BRDA:16,1,1,0
BRDA:17,2,0,0
BRDA:17,2,1,0
BRDA:18,3,0,0
BRDA:18,3,1,0
BRDA:19,4,0,0
BRDA:19,4,1,0
BRDA:20,5,0,0
BRDA:20,5,1,0
BRF:12
BRH:0
end_of_record
TN:
SF:src\transformations\numberToText\implementation_EN.ts
FN:12,numberToTextEn
FNF:1
FNH:0
FNDA:0,numberToTextEn
DA:1,0
DA:2,0
DA:13,0
DA:14,0
DA:18,0
DA:19,0
DA:23,0
DA:24,0
DA:25,0
DA:26,0
DA:27,0
DA:29,0
DA:33,0
DA:34,0
DA:35,0
DA:38,0
DA:39,0
DA:40,0
DA:44,0
DA:45,0
DA:46,0
DA:48,0
DA:51,0
LF:23
LH:0
BRDA:13,0,0,0
BRDA:13,0,1,0
BRDA:18,1,0,0
BRDA:18,1,1,0
BRDA:18,2,0,0
BRDA:18,2,1,0
BRDA:23,3,0,0
BRDA:23,3,1,0
BRDA:26,4,0,0
BRDA:26,4,1,0
BRDA:38,5,0,0
BRDA:38,5,1,0
BRDA:40,6,0,0
BRDA:40,6,1,0
BRDA:48,7,0,0
BRDA:48,7,1,0
BRF:16
BRH:0
end_of_record
TN:
SF:src\transformations\numberToText\implementation_PL.ts
FN:12,numberToTextPl
FN:60,getPolishGrammaticalForm
FNF:2
FNH:0
FNDA:0,numberToTextPl
FNDA:0,getPolishGrammaticalForm
DA:1,0
DA:2,0
DA:13,0
DA:14,0
DA:18,0
DA:19,0
DA:23,0
DA:24,0
DA:25,0
DA:26,0
DA:27,0
DA:29,0
DA:33,0
DA:34,0
DA:35,0
DA:38,0
DA:39,0
DA:40,0
DA:41,0
DA:45,0
DA:46,0
DA:47,0
DA:50,0
DA:51,0
DA:53,0
DA:61,0
DA:68,0
DA:69,0
DA:70,0
DA:73,0
DA:74,0
DA:76,0
DA:77,0
DA:80,0
DA:81,0
DA:82,0
DA:83,0
DA:85,0
DA:89,0
LF:39
LH:0
BRDA:13,0,0,0
BRDA:13,0,1,0
BRDA:18,1,0,0
BRDA:18,1,1,0
BRDA:18,2,0,0
BRDA:18,2,1,0
BRDA:23,3,0,0
BRDA:23,3,1,0
BRDA:26,4,0,0
BRDA:26,4,1,0
BRDA:38,5,0,0
BRDA:38,5,1,0
BRDA:41,6,0,0
BRDA:41,6,1,0
BRDA:46,7,0,0
BRDA:46,7,1,0
BRDA:53,8,0,0
BRDA:53,8,1,0
BRDA:69,9,0,0
BRDA:69,9,1,0
BRDA:76,10,0,0
BRDA:76,10,1,0
BRDA:76,11,0,0
BRDA:76,11,1,0
BRDA:80,12,0,0
BRDA:80,12,1,0
BRDA:82,13,0,0
BRDA:82,13,1,0
BRDA:82,14,0,0
BRDA:82,14,1,0
BRF:30
BRH:0
end_of_record
TN:
SF:src\transformations\numberToText\main.ts
FN:22,numberToText
FN:48,validateNumber
FN:64,validateLanguage
FNF:3
FNH:0
FNDA:0,numberToText
FNDA:0,validateNumber
FNDA:0,validateLanguage
DA:2,0
DA:3,0
DA:22,0
DA:23,0
DA:24,0
DA:26,0
DA:31,0
DA:32,0
DA:34,0
DA:49,0
DA:50,0
DA:53,0
DA:54,0
DA:65,0
DA:66,0
DA:67,0
LF:16
LH:0
BRDA:22,0,0,0
BRDA:31,1,0,0
BRDA:31,1,1,0
BRDA:49,2,0,0
BRDA:49,2,1,0
BRDA:49,3,0,0
BRDA:49,3,1,0
BRDA:49,3,2,0
BRDA:53,4,0,0
BRDA:53,4,1,0
BRDA:53,5,0,0
BRDA:53,5,1,0
BRDA:66,6,0,0
BRDA:66,6,1,0
BRF:14
BRH:0
end_of_record
TN:
SF:src\transformations\numberToText\types.ts
FNF:0
FNH:0
DA:12,0
DA:47,0
LF:2
LH:0
BRF:0
BRH:0
end_of_record
TN:
SF:src\validations\index.ts
FN:1,(anonymous_0)
FN:2,(anonymous_1)
FN:3,(anonymous_2)
FN:4,(anonymous_3)
FN:5,(anonymous_4)
FN:6,(anonymous_5)
FN:7,(anonymous_6)
FN:8,(anonymous_7)
FN:9,(anonymous_8)
FNF:9
FNH:0
FNDA:0,(anonymous_0)
FNDA:0,(anonymous_1)
FNDA:0,(anonymous_2)
FNDA:0,(anonymous_3)
FNDA:0,(anonymous_4)
FNDA:0,(anonymous_5)
FNDA:0,(anonymous_6)
FNDA:0,(anonymous_7)
FNDA:0,(anonymous_8)
DA:1,0
DA:2,0
DA:3,0
DA:4,0
DA:5,0
DA:6,0
DA:7,0
DA:8,0
DA:9,0
DA:11,0
DA:12,0
DA:13,0
DA:14,0
DA:15,0
DA:16,0
DA:17,0
DA:18,0
DA:19,0
DA:21,0
LF:19
LH:0
BRF:0
BRH:0
end_of_record
TN:
SF:src\validations\isCoordinates.ts
FN:9,isCoordinates
FN:13,isLatitude
FN:17,isLongitude
FNF:3
FNH:0
FNDA:0,isCoordinates
FNDA:0,isLatitude
FNDA:0,isLongitude
DA:9,0
DA:10,0
DA:14,0
DA:18,0
LF:4
LH:0
BRDA:10,0,0,0
BRDA:10,0,1,0
BRDA:14,1,0,0
BRDA:14,1,1,0
BRDA:18,2,0,0
BRDA:18,2,1,0
BRF:6
BRH:0
end_of_record
TN:
SF:src\validations\isDate.ts
FN:1,(anonymous_0)
FN:19,isDate
FN:50,(anonymous_2)
FN:53,(anonymous_3)
FNF:4
FNH:0
FNDA:0,(anonymous_0)
FNDA:0,isDate
FNDA:0,(anonymous_2)
FNDA:0,(anonymous_3)
DA:1,0
DA:2,0
DA:3,0
DA:4,0
DA:7,0
DA:19,0
DA:24,0
DA:25,0
DA:27,0
DA:29,0
DA:50,0
DA:51,0
DA:52,0
DA:53,0
DA:54,0
DA:57,0
DA:59,0
DA:60,0
DA:63,0
DA:65,0
LF:20
LH:0
BRDA:1,0,0,0
BRDA:1,0,1,0
BRDA:22,1,0,0
BRDA:24,2,0,0
BRDA:24,2,1,0
BRDA:25,3,0,0
BRDA:25,3,1,0
BRDA:27,4,0,0
BRDA:27,4,1,0
BRDA:60,5,0,0
BRDA:60,5,1,0
BRDA:63,6,0,0
BRDA:63,6,1,0
BRDA:63,6,2,0
BRF:14
BRH:0
end_of_record
TN:
SF:src\validations\isEmail.ts
FN:12,isEmail
FNF:1
FNH:0
FNDA:0,isEmail
DA:12,0
DA:14,0
DA:16,0
LF:3
LH:0
BRF:0
BRH:0
end_of_record
TN:
SF:src\validations\isEmpty.ts
FN:11,isEmpty
FNF:1
FNH:1
FNDA:3,isEmpty
DA:11,1
DA:12,3
LF:2
LH:2
BRF:0
BRH:0
end_of_record
TN:
SF:src\validations\isHexColor.ts
FN:7,isHexColor
FNF:1
FNH:0
FNDA:0,isHexColor
DA:7,0
DA:8,0
DA:9,0
DA:11,0
LF:4
LH:0
BRDA:8,0,0,0
BRDA:8,0,1,0
BRDA:8,1,0,0
BRDA:8,1,1,0
BRF:4
BRH:0
end_of_record
TN:
SF:src\validations\isIPv4.ts
FN:22,isIPv4
FN:26,(anonymous_1)
FNF:2
FNH:0
FNDA:0,isIPv4
FNDA:0,(anonymous_1)
DA:22,0
DA:23,0
DA:24,0
DA:26,0
DA:27,0
DA:28,0
LF:6
LH:0
BRDA:24,0,0,0
BRDA:24,0,1,0
BRDA:28,1,0,0
BRDA:28,1,1,0
BRDA:28,1,2,0
BRDA:28,1,3,0
BRF:6
BRH:0
end_of_record
TN:
SF:src\validations\isPalindrome.ts
FN:10,isPalindrome
FNF:1
FNH:0
FNDA:0,isPalindrome
DA:10,0
DA:11,0
DA:12,0
DA:15,0
DA:19,0
LF:5
LH:0
BRDA:11,0,0,0
BRDA:11,0,1,0
BRF:2
BRH:0
end_of_record
TN:
SF:src\validations\isSlug.ts
FN:28,isSlug
FNF:1
FNH:0
FNDA:0,isSlug
DA:28,0
DA:29,0
DA:30,0
DA:32,0
DA:33,0
LF:5
LH:0
BRDA:29,0,0,0
BRDA:29,0,1,0
BRDA:29,1,0,0
BRDA:29,1,1,0
BRF:4
BRH:0
end_of_record
TN:
SF:src\validations\isTypeOf.ts
FN:9,isTypeOf
FNF:1
FNH:0
FNDA:0,isTypeOf
DA:9,0
DA:10,0
DA:14,0
DA:16,0
DA:18,0
DA:26,0
DA:27,0
LF:7
LH:0
BRDA:10,0,0,0
BRDA:10,0,1,0
BRDA:10,1,0,0
BRDA:10,1,1,0
BRDA:16,2,0,0
BRDA:16,2,1,0
BRDA:27,3,0,0
BRDA:27,3,1,0
BRF:8
BRH:0
end_of_record
TN:
SF:src\validations\isURL.ts
FN:22,isURL
FNF:1
FNH:0
FNDA:0,isURL
DA:22,0
DA:23,0
DA:24,0
DA:25,0
DA:27,0
LF:5
LH:0
BRF:0
BRH:0
end_of_record
